mode: atomic
github.com/eezz10001/ego/core/eapp/env.go:26.16,39.25 13 11
github.com/eezz10001/ego/core/eapp/env.go:39.25,41.3 1 1
github.com/eezz10001/ego/core/eapp/env.go:45.23,47.2 1 1
github.com/eezz10001/ego/core/eapp/env.go:50.25,52.2 1 2
github.com/eezz10001/ego/core/eapp/env.go:55.23,57.2 1 2
github.com/eezz10001/ego/core/eapp/env.go:60.27,62.2 1 1
github.com/eezz10001/ego/core/eapp/env.go:65.31,67.2 1 12
github.com/eezz10001/ego/core/eapp/env.go:70.26,72.2 1 1
github.com/eezz10001/ego/core/eapp/env.go:75.32,77.2 1 1
github.com/eezz10001/ego/core/eapp/env.go:80.30,82.2 1 1
github.com/eezz10001/ego/core/eapp/env.go:85.33,87.2 1 1
github.com/eezz10001/ego/core/eapp/env.go:90.28,92.2 1 1
github.com/eezz10001/ego/core/eapp/env.go:95.37,97.2 1 0
github.com/eezz10001/ego/core/eapp/env.go:100.30,102.2 1 0
github.com/eezz10001/ego/core/eapp/env.go:105.31,107.2 1 0
github.com/eezz10001/ego/core/eapp/pkg.go:35.13,36.19 1 1
github.com/eezz10001/ego/core/eapp/pkg.go:40.2,41.16 2 1
github.com/eezz10001/ego/core/eapp/pkg.go:44.2,53.8 8 1
github.com/eezz10001/ego/core/eapp/pkg.go:36.19,38.3 1 1
github.com/eezz10001/ego/core/eapp/pkg.go:41.16,43.3 1 0
github.com/eezz10001/ego/core/eapp/pkg.go:53.8,54.35 1 1
github.com/eezz10001/ego/core/eapp/pkg.go:54.35,55.48 1 0
github.com/eezz10001/ego/core/eapp/pkg.go:55.48,57.5 1 0
github.com/eezz10001/ego/core/eapp/pkg.go:63.20,65.2 1 1
github.com/eezz10001/ego/core/eapp/pkg.go:68.26,70.2 1 2
github.com/eezz10001/ego/core/eapp/pkg.go:73.26,75.2 1 2
github.com/eezz10001/ego/core/eapp/pkg.go:78.25,80.2 1 2
github.com/eezz10001/ego/core/eapp/pkg.go:83.25,85.2 1 2
github.com/eezz10001/ego/core/eapp/pkg.go:88.27,90.2 1 1
github.com/eezz10001/ego/core/eapp/pkg.go:93.25,95.2 1 3
github.com/eezz10001/ego/core/eapp/pkg.go:98.33,100.2 1 2
github.com/eezz10001/ego/core/eapp/pkg.go:103.24,105.2 1 13
github.com/eezz10001/ego/core/eapp/pkg.go:108.25,110.2 1 1
github.com/eezz10001/ego/core/eapp/pkg.go:113.25,115.2 1 1
github.com/eezz10001/ego/core/eapp/pkg.go:118.21,130.2 11 1
github.com/eezz10001/ego/core/constant/service.go:19.13,24.2 4 1
github.com/eezz10001/ego/core/constant/service.go:26.39,27.35 1 3
github.com/eezz10001/ego/core/constant/service.go:30.2,30.18 1 0
github.com/eezz10001/ego/core/constant/service.go:27.35,29.3 1 3
github.com/eezz10001/ego/core/eerrors/errors.go:36.35,38.2 1 1
github.com/eezz10001/ego/core/eerrors/errors.go:41.35,43.2 1 0
github.com/eezz10001/ego/core/eerrors/errors.go:46.39,48.11 2 9
github.com/eezz10001/ego/core/eerrors/errors.go:51.2,51.14 1 6
github.com/eezz10001/ego/core/eerrors/errors.go:54.2,54.19 1 3
github.com/eezz10001/ego/core/eerrors/errors.go:57.2,57.34 1 1
github.com/eezz10001/ego/core/eerrors/errors.go:48.11,50.3 1 3
github.com/eezz10001/ego/core/eerrors/errors.go:51.14,53.3 1 3
github.com/eezz10001/ego/core/eerrors/errors.go:54.19,56.3 1 2
github.com/eezz10001/ego/core/eerrors/errors.go:61.48,68.2 2 0
github.com/eezz10001/ego/core/eerrors/errors.go:71.61,75.2 3 1
github.com/eezz10001/ego/core/eerrors/errors.go:78.50,82.2 3 1
github.com/eezz10001/ego/core/eerrors/errors.go:85.54,91.2 1 5
github.com/eezz10001/ego/core/eerrors/errors.go:94.43,96.2 1 0
github.com/eezz10001/ego/core/eerrors/errors.go:100.37,101.16 1 7
github.com/eezz10001/ego/core/eerrors/errors.go:104.2,104.46 1 5
github.com/eezz10001/ego/core/eerrors/errors.go:107.2,108.8 2 2
github.com/eezz10001/ego/core/eerrors/errors.go:124.2,124.60 1 2
github.com/eezz10001/ego/core/eerrors/errors.go:101.16,103.3 1 2
github.com/eezz10001/ego/core/eerrors/errors.go:104.46,106.3 1 3
github.com/eezz10001/ego/core/eerrors/errors.go:108.8,109.39 1 0
github.com/eezz10001/ego/core/eerrors/errors.go:109.39,110.30 1 0
github.com/eezz10001/ego/core/eerrors/errors.go:111.31,113.11 2 0
github.com/eezz10001/ego/core/eerrors/errors.go:116.5,120.43 1 0
github.com/eezz10001/ego/core/eerrors/errors.go:113.11,115.6 1 0
github.com/eezz10001/ego/core/eerrors/errors.pb.go:34.28,36.29 2 0
github.com/eezz10001/ego/core/eerrors/errors.pb.go:36.29,40.3 3 0
github.com/eezz10001/ego/core/eerrors/errors.pb.go:43.36,45.2 1 0
github.com/eezz10001/ego/core/eerrors/errors.pb.go:47.34,47.35 0 0
github.com/eezz10001/ego/core/eerrors/errors.pb.go:49.56,51.41 2 2
github.com/eezz10001/ego/core/eerrors/errors.pb.go:58.2,58.24 1 0
github.com/eezz10001/ego/core/eerrors/errors.pb.go:51.41,53.34 2 2
github.com/eezz10001/ego/core/eerrors/errors.pb.go:56.3,56.12 1 2
github.com/eezz10001/ego/core/eerrors/errors.pb.go:53.34,55.4 1 2
github.com/eezz10001/ego/core/eerrors/errors.pb.go:62.47,64.2 1 0
github.com/eezz10001/ego/core/eerrors/errors.pb.go:66.36,67.14 1 0
github.com/eezz10001/ego/core/eerrors/errors.pb.go:70.2,70.10 1 0
github.com/eezz10001/ego/core/eerrors/errors.pb.go:67.14,69.3 1 0
github.com/eezz10001/ego/core/eerrors/errors.pb.go:73.39,74.14 1 0
github.com/eezz10001/ego/core/eerrors/errors.pb.go:77.2,77.11 1 0
github.com/eezz10001/ego/core/eerrors/errors.pb.go:74.14,76.3 1 0
github.com/eezz10001/ego/core/eerrors/errors.pb.go:80.40,81.14 1 1
github.com/eezz10001/ego/core/eerrors/errors.pb.go:84.2,84.11 1 0
github.com/eezz10001/ego/core/eerrors/errors.pb.go:81.14,83.3 1 1
github.com/eezz10001/ego/core/eerrors/errors.pb.go:87.52,88.14 1 1
github.com/eezz10001/ego/core/eerrors/errors.pb.go:91.2,91.12 1 0
github.com/eezz10001/ego/core/eerrors/errors.pb.go:88.14,90.3 1 1
github.com/eezz10001/ego/core/eerrors/errors.pb.go:125.58,126.55 1 0
github.com/eezz10001/ego/core/eerrors/errors.pb.go:129.2,129.51 1 0
github.com/eezz10001/ego/core/eerrors/errors.pb.go:126.55,128.3 1 0
github.com/eezz10001/ego/core/eerrors/errors.pb.go:146.13,146.54 1 1
github.com/eezz10001/ego/core/eerrors/errors.pb.go:147.44,148.43 1 1
github.com/eezz10001/ego/core/eerrors/errors.pb.go:151.2,151.30 1 1
github.com/eezz10001/ego/core/eerrors/errors.pb.go:165.2,182.46 6 1
github.com/eezz10001/ego/core/eerrors/errors.pb.go:148.43,150.3 1 0
github.com/eezz10001/ego/core/eerrors/errors.pb.go:151.30,152.96 1 0
github.com/eezz10001/ego/core/eerrors/errors.pb.go:152.96,153.33 1 0
github.com/eezz10001/ego/core/eerrors/errors.pb.go:154.11,155.20 1 0
github.com/eezz10001/ego/core/eerrors/errors.pb.go:156.11,157.24 1 0
github.com/eezz10001/ego/core/eerrors/errors.pb.go:158.11,159.28 1 0
github.com/eezz10001/ego/core/eerrors/errors.pb.go:160.12,161.15 1 0
github.com/eezz10001/ego/core/eflag/flag.go:14.13,20.2 1 1
github.com/eezz10001/ego/core/eflag/flag.go:38.30,40.2 1 17
github.com/eezz10001/ego/core/eflag/flag.go:43.68,49.2 1 19
github.com/eezz10001/ego/core/eflag/flag.go:52.27,54.2 1 17
github.com/eezz10001/ego/core/eflag/flag.go:57.44,59.2 1 17
github.com/eezz10001/ego/core/eflag/flag.go:62.23,62.46 1 0
github.com/eezz10001/ego/core/eflag/flag.go:65.40,67.2 1 0
github.com/eezz10001/ego/core/eflag/flag.go:70.20,72.2 1 10
github.com/eezz10001/ego/core/eflag/flag.go:75.46,77.2 1 3
github.com/eezz10001/ego/core/eflag/flag.go:81.51,83.2 1 13
github.com/eezz10001/ego/core/eflag/flag.go:86.34,88.2 1 10
github.com/eezz10001/ego/core/eflag/flag.go:91.60,92.17 1 13
github.com/eezz10001/ego/core/eflag/flag.go:95.2,95.29 1 13
github.com/eezz10001/ego/core/eflag/flag.go:100.2,100.52 1 13
github.com/eezz10001/ego/core/eflag/flag.go:105.2,105.38 1 13
github.com/eezz10001/ego/core/eflag/flag.go:110.2,110.12 1 13
github.com/eezz10001/ego/core/eflag/flag.go:92.17,94.3 1 0
github.com/eezz10001/ego/core/eflag/flag.go:95.29,97.3 1 13
github.com/eezz10001/ego/core/eflag/flag.go:100.52,102.3 1 0
github.com/eezz10001/ego/core/eflag/flag.go:105.38,106.60 1 43
github.com/eezz10001/ego/core/eflag/flag.go:106.60,108.4 1 3
github.com/eezz10001/ego/core/eflag/flag.go:114.39,114.69 1 6
github.com/eezz10001/ego/core/eflag/flag.go:117.53,119.17 2 6
github.com/eezz10001/ego/core/eflag/flag.go:123.2,123.59 1 0
github.com/eezz10001/ego/core/eflag/flag.go:119.17,121.3 1 6
github.com/eezz10001/ego/core/eflag/flag.go:127.29,127.58 1 0
github.com/eezz10001/ego/core/eflag/flag.go:130.43,133.2 2 0
github.com/eezz10001/ego/core/eflag/flag.go:136.43,136.75 1 7
github.com/eezz10001/ego/core/eflag/flag.go:139.57,141.17 2 7
github.com/eezz10001/ego/core/eflag/flag.go:145.2,145.56 1 0
github.com/eezz10001/ego/core/eflag/flag.go:141.17,143.3 1 7
github.com/eezz10001/ego/core/eflag/flag.go:149.33,149.64 1 0
github.com/eezz10001/ego/core/eflag/flag.go:152.47,155.2 2 0
github.com/eezz10001/ego/core/eflag/flag.go:158.39,158.68 1 0
github.com/eezz10001/ego/core/eflag/flag.go:161.53,163.17 2 0
github.com/eezz10001/ego/core/eflag/flag.go:167.2,167.55 1 0
github.com/eezz10001/ego/core/eflag/flag.go:163.17,165.3 1 0
github.com/eezz10001/ego/core/eflag/flag.go:171.29,171.57 1 0
github.com/eezz10001/ego/core/eflag/flag.go:174.43,177.2 2 0
github.com/eezz10001/ego/core/eflag/flag.go:180.41,180.71 1 0
github.com/eezz10001/ego/core/eflag/flag.go:183.55,185.17 2 0
github.com/eezz10001/ego/core/eflag/flag.go:189.2,189.55 1 0
github.com/eezz10001/ego/core/eflag/flag.go:185.17,187.3 1 0
github.com/eezz10001/ego/core/eflag/flag.go:193.31,193.60 1 0
github.com/eezz10001/ego/core/eflag/flag.go:196.45,199.2 2 0
github.com/eezz10001/ego/core/eflag/flag.go:202.45,202.78 1 0
github.com/eezz10001/ego/core/eflag/flag.go:205.59,207.17 2 0
github.com/eezz10001/ego/core/eflag/flag.go:211.2,211.57 1 0
github.com/eezz10001/ego/core/eflag/flag.go:207.17,209.3 1 0
github.com/eezz10001/ego/core/eflag/flag.go:215.35,215.67 1 0
github.com/eezz10001/ego/core/eflag/flag.go:218.49,221.2 2 0
github.com/eezz10001/ego/core/eflag/flag_bool.go:20.40,21.51 1 6
github.com/eezz10001/ego/core/eflag/flag_bool.go:21.51,23.24 2 6
github.com/eezz10001/ego/core/eflag/flag_bool.go:28.3,28.32 1 6
github.com/eezz10001/ego/core/eflag/flag_bool.go:23.24,25.4 1 0
github.com/eezz10001/ego/core/eflag/flag_bool.go:25.9,27.4 1 6
github.com/eezz10001/ego/core/eflag/flag_float64.go:20.43,21.51 1 0
github.com/eezz10001/ego/core/eflag/flag_float64.go:21.51,23.24 2 0
github.com/eezz10001/ego/core/eflag/flag_float64.go:28.3,28.32 1 0
github.com/eezz10001/ego/core/eflag/flag_float64.go:23.24,25.4 1 0
github.com/eezz10001/ego/core/eflag/flag_float64.go:25.9,27.4 1 0
github.com/eezz10001/ego/core/eflag/flag_int.go:20.39,21.51 1 0
github.com/eezz10001/ego/core/eflag/flag_int.go:21.51,23.24 2 0
github.com/eezz10001/ego/core/eflag/flag_int.go:28.3,28.32 1 0
github.com/eezz10001/ego/core/eflag/flag_int.go:23.24,25.4 1 0
github.com/eezz10001/ego/core/eflag/flag_int.go:25.9,27.4 1 0
github.com/eezz10001/ego/core/eflag/flag_str.go:20.42,21.51 1 7
github.com/eezz10001/ego/core/eflag/flag_str.go:21.51,23.24 2 7
github.com/eezz10001/ego/core/eflag/flag_str.go:28.3,28.32 1 7
github.com/eezz10001/ego/core/eflag/flag_str.go:23.24,25.4 1 0
github.com/eezz10001/ego/core/eflag/flag_str.go:25.9,27.4 1 7
github.com/eezz10001/ego/core/eflag/flag_uint.go:20.40,21.51 1 0
github.com/eezz10001/ego/core/eflag/flag_uint.go:21.51,23.24 2 0
github.com/eezz10001/ego/core/eflag/flag_uint.go:28.3,28.32 1 0
github.com/eezz10001/ego/core/eflag/flag_uint.go:23.24,25.4 1 0
github.com/eezz10001/ego/core/eflag/flag_uint.go:25.9,27.4 1 0
github.com/eezz10001/ego/core/eflag/init.go:12.42,15.4 2 0
github.com/eezz10001/ego/client/egrpc/resolver/resolver.go:17.52,22.2 1 0
github.com/eezz10001/ego/client/egrpc/resolver/resolver.go:30.132,45.20 3 1
github.com/eezz10001/ego/client/egrpc/resolver/resolver.go:48.2,58.16 4 1
github.com/eezz10001/ego/client/egrpc/resolver/resolver.go:63.2,72.16 3 1
github.com/eezz10001/ego/client/egrpc/resolver/resolver.go:45.20,47.3 1 0
github.com/eezz10001/ego/client/egrpc/resolver/resolver.go:58.16,61.3 2 0
github.com/eezz10001/ego/client/egrpc/resolver/resolver.go:76.38,78.2 1 0
github.com/eezz10001/ego/client/egrpc/resolver/resolver.go:90.71,91.129 1 1
github.com/eezz10001/ego/client/egrpc/resolver/resolver.go:91.129,93.3 1 0
github.com/eezz10001/ego/client/egrpc/resolver/resolver.go:97.32,100.2 2 0
github.com/eezz10001/ego/client/egrpc/resolver/resolver.go:114.64,115.12 1 1
github.com/eezz10001/ego/client/egrpc/resolver/resolver.go:115.12,116.7 1 1
github.com/eezz10001/ego/client/egrpc/resolver/resolver.go:116.7,117.11 1 1
github.com/eezz10001/ego/client/egrpc/resolver/resolver.go:118.33,128.43 3 0
github.com/eezz10001/ego/client/egrpc/resolver/resolver.go:136.5,136.32 1 0
github.com/eezz10001/ego/client/egrpc/resolver/resolver.go:137.18,138.11 1 0
github.com/eezz10001/ego/client/egrpc/resolver/resolver.go:128.43,134.6 5 0
github.com/eezz10001/ego/client/egrpc/resolver/resolver.go:145.76,146.32 1 3
github.com/eezz10001/ego/client/egrpc/resolver/resolver.go:153.2,153.31 1 3
github.com/eezz10001/ego/client/egrpc/resolver/resolver.go:146.32,149.37 3 7
github.com/eezz10001/ego/client/egrpc/resolver/resolver.go:149.37,151.4 1 3
github.com/eezz10001/ego/client/egrpc/resolver/resolver.go:153.31,154.32 1 8
github.com/eezz10001/ego/client/egrpc/resolver/resolver.go:154.32,156.4 1 1
github.com/eezz10001/ego/cmd/protoc-gen-go-test/ast.go:18.45,20.39 2 0
github.com/eezz10001/ego/cmd/protoc-gen-go-test/ast.go:23.2,24.16 2 0
github.com/eezz10001/ego/cmd/protoc-gen-go-test/ast.go:27.2,28.16 2 0
github.com/eezz10001/ego/cmd/protoc-gen-go-test/ast.go:31.2,31.23 1 0
github.com/eezz10001/ego/cmd/protoc-gen-go-test/ast.go:20.39,22.3 1 0
github.com/eezz10001/ego/cmd/protoc-gen-go-test/ast.go:24.16,26.3 1 0
github.com/eezz10001/ego/cmd/protoc-gen-go-test/ast.go:28.16,30.3 1 0
github.com/eezz10001/ego/cmd/protoc-gen-go-test/ast.go:34.131,40.37 5 2
github.com/eezz10001/ego/cmd/protoc-gen-go-test/ast.go:76.2,76.52 1 2
github.com/eezz10001/ego/cmd/protoc-gen-go-test/ast.go:40.37,41.27 1 12
github.com/eezz10001/ego/cmd/protoc-gen-go-test/ast.go:42.22,43.31 1 6
github.com/eezz10001/ego/cmd/protoc-gen-go-test/ast.go:44.21,45.25 1 6
github.com/eezz10001/ego/cmd/protoc-gen-go-test/ast.go:48.4,48.29 1 6
github.com/eezz10001/ego/cmd/protoc-gen-go-test/ast.go:72.11,73.22 1 0
github.com/eezz10001/ego/cmd/protoc-gen-go-test/ast.go:45.25,46.13 1 0
github.com/eezz10001/ego/cmd/protoc-gen-go-test/ast.go:49.24,50.32 1 3
github.com/eezz10001/ego/cmd/protoc-gen-go-test/ast.go:59.23,60.32 1 1
github.com/eezz10001/ego/cmd/protoc-gen-go-test/ast.go:65.25,66.32 1 2
github.com/eezz10001/ego/cmd/protoc-gen-go-test/ast.go:50.32,52.34 2 3
github.com/eezz10001/ego/cmd/protoc-gen-go-test/ast.go:52.34,57.7 4 3
github.com/eezz10001/ego/cmd/protoc-gen-go-test/ast.go:60.32,64.6 3 1
github.com/eezz10001/ego/cmd/protoc-gen-go-test/ast.go:66.32,70.6 3 3
github.com/eezz10001/ego/cmd/protoc-gen-go-test/ast.go:79.37,81.2 1 3
github.com/eezz10001/ego/cmd/protoc-gen-go-test/ast.go:85.108,86.56 1 3
github.com/eezz10001/ego/cmd/protoc-gen-go-test/ast.go:102.2,102.56 1 3
github.com/eezz10001/ego/cmd/protoc-gen-go-test/ast.go:105.2,105.14 1 3
github.com/eezz10001/ego/cmd/protoc-gen-go-test/ast.go:86.56,91.16 5 5
github.com/eezz10001/ego/cmd/protoc-gen-go-test/ast.go:91.16,92.31 1 1
github.com/eezz10001/ego/cmd/protoc-gen-go-test/ast.go:97.4,97.21 1 1
github.com/eezz10001/ego/cmd/protoc-gen-go-test/ast.go:92.31,94.5 1 0
github.com/eezz10001/ego/cmd/protoc-gen-go-test/ast.go:94.10,96.5 1 1
github.com/eezz10001/ego/cmd/protoc-gen-go-test/ast.go:98.9,100.4 1 4
github.com/eezz10001/ego/cmd/protoc-gen-go-test/ast.go:102.56,104.3 1 1
github.com/eezz10001/ego/cmd/protoc-gen-go-test/ast.go:108.107,109.56 1 1
github.com/eezz10001/ego/cmd/protoc-gen-go-test/ast.go:125.2,125.56 1 1
github.com/eezz10001/ego/cmd/protoc-gen-go-test/ast.go:128.2,128.14 1 1
github.com/eezz10001/ego/cmd/protoc-gen-go-test/ast.go:109.56,114.16 5 3
github.com/eezz10001/ego/cmd/protoc-gen-go-test/ast.go:114.16,115.31 1 2
github.com/eezz10001/ego/cmd/protoc-gen-go-test/ast.go:120.4,120.21 1 2
github.com/eezz10001/ego/cmd/protoc-gen-go-test/ast.go:115.31,117.5 1 1
github.com/eezz10001/ego/cmd/protoc-gen-go-test/ast.go:117.10,119.5 1 1
github.com/eezz10001/ego/cmd/protoc-gen-go-test/ast.go:121.9,123.4 1 1
github.com/eezz10001/ego/cmd/protoc-gen-go-test/ast.go:125.56,127.3 1 1
github.com/eezz10001/ego/cmd/protoc-gen-go-test/ast.go:131.78,132.27 1 1
github.com/eezz10001/ego/cmd/protoc-gen-go-test/ast.go:135.2,136.16 2 1
github.com/eezz10001/ego/cmd/protoc-gen-go-test/ast.go:139.2,140.16 2 1
github.com/eezz10001/ego/cmd/protoc-gen-go-test/ast.go:144.2,157.53 7 1
github.com/eezz10001/ego/cmd/protoc-gen-go-test/ast.go:160.2,160.136 1 1
github.com/eezz10001/ego/cmd/protoc-gen-go-test/ast.go:132.27,134.3 1 0
github.com/eezz10001/ego/cmd/protoc-gen-go-test/ast.go:136.16,138.3 1 0
github.com/eezz10001/ego/cmd/protoc-gen-go-test/ast.go:140.16,142.3 1 0
github.com/eezz10001/ego/cmd/protoc-gen-go-test/ast.go:157.53,159.3 1 0
github.com/eezz10001/ego/cmd/protoc-gen-go-test/ast.go:176.59,179.28 3 8
github.com/eezz10001/ego/cmd/protoc-gen-go-test/ast.go:185.2,185.20 1 8
github.com/eezz10001/ego/cmd/protoc-gen-go-test/ast.go:179.28,184.3 1 2
github.com/eezz10001/ego/cmd/protoc-gen-go-test/main.go:20.13,22.18 2 0
github.com/eezz10001/ego/cmd/protoc-gen-go-test/main.go:26.2,30.22 4 0
github.com/eezz10001/ego/cmd/protoc-gen-go-test/main.go:33.2,34.16 2 0
github.com/eezz10001/ego/cmd/protoc-gen-go-test/main.go:39.2,40.49 2 0
github.com/eezz10001/ego/cmd/protoc-gen-go-test/main.go:43.2,44.16 2 0
github.com/eezz10001/ego/cmd/protoc-gen-go-test/main.go:49.2,49.51 1 0
github.com/eezz10001/ego/cmd/protoc-gen-go-test/main.go:52.2,54.16 3 0
github.com/eezz10001/ego/cmd/protoc-gen-go-test/main.go:59.2,59.48 1 0
github.com/eezz10001/ego/cmd/protoc-gen-go-test/main.go:22.18,25.3 2 0
github.com/eezz10001/ego/cmd/protoc-gen-go-test/main.go:30.22,32.3 1 0
github.com/eezz10001/ego/cmd/protoc-gen-go-test/main.go:34.16,36.3 1 0
github.com/eezz10001/ego/cmd/protoc-gen-go-test/main.go:40.49,42.3 1 0
github.com/eezz10001/ego/cmd/protoc-gen-go-test/main.go:44.16,46.3 1 0
github.com/eezz10001/ego/cmd/protoc-gen-go-test/main.go:49.51,51.3 1 0
github.com/eezz10001/ego/cmd/protoc-gen-go-test/main.go:54.16,56.3 1 0
github.com/eezz10001/ego/cmd/protoc-gen-go-test/main.go:59.48,61.3 1 0
github.com/eezz10001/ego/cmd/protoc-gen-go-test/main.go:64.72,66.43 2 0
github.com/eezz10001/ego/cmd/protoc-gen-go-test/main.go:69.2,70.16 2 0
github.com/eezz10001/ego/cmd/protoc-gen-go-test/main.go:73.2,73.30 1 0
github.com/eezz10001/ego/cmd/protoc-gen-go-test/main.go:86.2,86.12 1 0
github.com/eezz10001/ego/cmd/protoc-gen-go-test/main.go:66.43,68.3 1 0
github.com/eezz10001/ego/cmd/protoc-gen-go-test/main.go:70.16,72.3 1 0
github.com/eezz10001/ego/cmd/protoc-gen-go-test/main.go:73.30,74.18 1 0
github.com/eezz10001/ego/cmd/protoc-gen-go-test/main.go:78.3,78.35 1 0
github.com/eezz10001/ego/cmd/protoc-gen-go-test/main.go:81.3,82.17 2 0
github.com/eezz10001/ego/cmd/protoc-gen-go-test/main.go:74.18,75.12 1 0
github.com/eezz10001/ego/cmd/protoc-gen-go-test/main.go:78.35,79.12 1 0
github.com/eezz10001/ego/cmd/protoc-gen-go-test/main.go:82.17,84.4 1 0
github.com/eezz10001/ego/cmd/protoc-gen-go-test/main.go:89.33,91.16 2 0
github.com/eezz10001/ego/cmd/protoc-gen-go-test/main.go:94.2,94.38 1 0
github.com/eezz10001/ego/cmd/protoc-gen-go-test/main.go:97.2,97.12 1 0
github.com/eezz10001/ego/cmd/protoc-gen-go-test/main.go:91.16,93.3 1 0
github.com/eezz10001/ego/cmd/protoc-gen-go-test/main.go:94.38,96.3 1 0
github.com/eezz10001/ego/cmd/protoc-gen-go-test/main.go:100.22,101.94 1 0
github.com/eezz10001/ego/cmd/protoc-gen-go-test/main.go:104.2,104.12 1 0
github.com/eezz10001/ego/cmd/protoc-gen-go-test/main.go:101.94,103.3 1 0
github.com/eezz10001/ego/cmd/protoc-gen-go-test/render.go:34.59,40.16 6 0
github.com/eezz10001/ego/cmd/protoc-gen-go-test/render.go:43.2,43.46 1 0
github.com/eezz10001/ego/cmd/protoc-gen-go-test/render.go:40.16,42.3 1 0
github.com/eezz10001/ego/cmd/protoc-gen-go-test/render.go:46.37,48.2 1 3
github.com/eezz10001/ego/cmd/protoc-gen-go-test/render.go:56.120,58.16 2 0
github.com/eezz10001/ego/cmd/protoc-gen-go-test/render.go:61.2,70.49 10 0
github.com/eezz10001/ego/cmd/protoc-gen-go-test/render.go:73.2,77.16 5 0
github.com/eezz10001/ego/cmd/protoc-gen-go-test/render.go:80.2,82.57 3 0
github.com/eezz10001/ego/cmd/protoc-gen-go-test/render.go:58.16,60.3 1 0
github.com/eezz10001/ego/cmd/protoc-gen-go-test/render.go:70.49,72.3 1 0
github.com/eezz10001/ego/cmd/protoc-gen-go-test/render.go:77.16,79.3 1 0
github.com/eezz10001/ego/cmd/protoc-gen-go-test/render.go:86.80,89.16 3 0
github.com/eezz10001/ego/cmd/protoc-gen-go-test/render.go:92.2,93.15 2 0
github.com/eezz10001/ego/cmd/protoc-gen-go-test/render.go:89.16,91.3 1 0
github.com/eezz10001/ego/cmd/protoc-gen-go-test/render.go:97.116,99.16 2 0
github.com/eezz10001/ego/cmd/protoc-gen-go-test/render.go:102.2,112.45 11 0
github.com/eezz10001/ego/cmd/protoc-gen-go-test/render.go:115.2,119.57 5 0
github.com/eezz10001/ego/cmd/protoc-gen-go-test/render.go:99.16,101.3 1 0
github.com/eezz10001/ego/cmd/protoc-gen-go-test/render.go:112.45,114.3 1 0
github.com/eezz10001/ego/cmd/protoc-gen-go-test/render.go:123.96,128.36 5 0
github.com/eezz10001/ego/cmd/protoc-gen-go-test/render.go:134.2,134.16 1 0
github.com/eezz10001/ego/cmd/protoc-gen-go-test/render.go:128.36,129.46 1 0
github.com/eezz10001/ego/cmd/protoc-gen-go-test/render.go:129.46,131.4 1 0
github.com/eezz10001/ego/cmd/protoc-gen-go-test/render.go:134.16,136.3 1 0
github.com/eezz10001/ego/cmd/protoc-gen-go-test/render.go:139.124,141.37 2 0
github.com/eezz10001/ego/cmd/protoc-gen-go-test/render.go:155.2,155.22 1 0
github.com/eezz10001/ego/cmd/protoc-gen-go-test/render.go:158.2,159.14 2 0
github.com/eezz10001/ego/cmd/protoc-gen-go-test/render.go:141.37,154.3 3 0
github.com/eezz10001/ego/cmd/protoc-gen-go-test/render.go:155.22,157.3 1 0
github.com/eezz10001/ego/cmd/protoc-gen-go-test/template.go:171.32,173.25 2 0
github.com/eezz10001/ego/cmd/protoc-gen-go-test/template.go:179.2,179.25 1 0
github.com/eezz10001/ego/cmd/protoc-gen-go-test/template.go:185.2,185.27 1 0
github.com/eezz10001/ego/cmd/protoc-gen-go-test/template.go:173.25,175.3 1 0
github.com/eezz10001/ego/cmd/protoc-gen-go-test/template.go:175.8,177.3 1 0
github.com/eezz10001/ego/cmd/protoc-gen-go-test/template.go:179.25,181.3 1 0
github.com/eezz10001/ego/cmd/protoc-gen-go-test/template.go:181.8,183.3 1 0
github.com/eezz10001/ego/cmd/protoc-gen-go-test/template.go:188.39,192.29 3 0
github.com/eezz10001/ego/cmd/protoc-gen-go-test/template.go:199.2,199.41 1 0
github.com/eezz10001/ego/cmd/protoc-gen-go-test/template.go:192.29,194.17 2 0
github.com/eezz10001/ego/cmd/protoc-gen-go-test/template.go:194.17,197.4 2 0
github.com/eezz10001/ego/core/econf/api.go:35.40,37.2 1 0
github.com/eezz10001/ego/core/econf/api.go:40.37,42.2 1 0
github.com/eezz10001/ego/core/econf/api.go:47.89,49.2 1 0
github.com/eezz10001/ego/core/econf/api.go:52.67,54.2 1 0
github.com/eezz10001/ego/core/econf/api.go:57.47,59.2 1 0
github.com/eezz10001/ego/core/econf/api.go:62.14,64.2 1 0
github.com/eezz10001/ego/core/econf/api.go:67.50,69.2 1 0
github.com/eezz10001/ego/core/econf/api.go:72.25,74.2 1 0
github.com/eezz10001/ego/core/econf/api.go:77.24,79.2 1 0
github.com/eezz10001/ego/core/econf/api.go:82.34,84.2 1 0
github.com/eezz10001/ego/core/econf/api.go:87.39,89.2 1 0
github.com/eezz10001/ego/core/econf/conf.go:40.27,48.2 1 3
github.com/eezz10001/ego/core/econf/conf.go:51.51,53.2 1 0
github.com/eezz10001/ego/core/econf/conf.go:56.56,62.2 1 0
github.com/eezz10001/ego/core/econf/conf.go:65.45,68.2 1 0
github.com/eezz10001/ego/core/econf/conf.go:71.59,73.2 1 2
github.com/eezz10001/ego/core/econf/conf.go:76.108,77.27 1 2
github.com/eezz10001/ego/core/econf/conf.go:81.2,82.16 2 2
github.com/eezz10001/ego/core/econf/conf.go:86.2,86.54 1 2
github.com/eezz10001/ego/core/econf/conf.go:90.2,90.12 1 2
github.com/eezz10001/ego/core/econf/conf.go:101.2,101.12 1 2
github.com/eezz10001/ego/core/econf/conf.go:77.27,79.3 1 3
github.com/eezz10001/ego/core/econf/conf.go:82.16,84.3 1 0
github.com/eezz10001/ego/core/econf/conf.go:86.54,88.3 1 0
github.com/eezz10001/ego/core/econf/conf.go:90.12,91.34 1 2
github.com/eezz10001/ego/core/econf/conf.go:91.34,92.51 1 1
github.com/eezz10001/ego/core/econf/conf.go:92.51,94.40 2 1
github.com/eezz10001/ego/core/econf/conf.go:94.40,96.6 1 1
github.com/eezz10001/ego/core/econf/conf.go:105.76,108.59 3 3
github.com/eezz10001/ego/core/econf/conf.go:111.2,111.31 1 3
github.com/eezz10001/ego/core/econf/conf.go:108.59,110.3 1 0
github.com/eezz10001/ego/core/econf/conf.go:115.91,117.16 2 0
github.com/eezz10001/ego/core/econf/conf.go:120.2,120.38 1 0
github.com/eezz10001/ego/core/econf/conf.go:117.16,119.3 1 0
github.com/eezz10001/ego/core/econf/conf.go:123.66,130.43 5 3
github.com/eezz10001/ego/core/econf/conf.go:138.2,138.22 1 3
github.com/eezz10001/ego/core/econf/conf.go:142.2,142.12 1 3
github.com/eezz10001/ego/core/econf/conf.go:130.43,132.40 2 3
github.com/eezz10001/ego/core/econf/conf.go:135.3,135.23 1 3
github.com/eezz10001/ego/core/econf/conf.go:132.40,134.4 1 1
github.com/eezz10001/ego/core/econf/conf.go:138.22,140.3 1 1
github.com/eezz10001/ego/core/econf/conf.go:145.71,148.38 2 1
github.com/eezz10001/ego/core/econf/conf.go:158.2,158.56 1 1
github.com/eezz10001/ego/core/econf/conf.go:148.38,149.28 1 0
github.com/eezz10001/ego/core/econf/conf.go:149.28,152.43 1 0
github.com/eezz10001/ego/core/econf/conf.go:152.43,154.5 1 0
github.com/eezz10001/ego/core/econf/conf.go:158.56,159.57 1 0
github.com/eezz10001/ego/core/econf/conf.go:159.57,161.4 1 0
github.com/eezz10001/ego/core/econf/conf.go:166.64,173.2 5 0
github.com/eezz10001/ego/core/econf/conf.go:175.81,176.25 1 0
github.com/eezz10001/ego/core/econf/conf.go:191.2,191.10 1 0
github.com/eezz10001/ego/core/econf/conf.go:176.25,178.10 2 0
github.com/eezz10001/ego/core/econf/conf.go:184.3,185.10 2 0
github.com/eezz10001/ego/core/econf/conf.go:189.3,189.9 1 0
github.com/eezz10001/ego/core/econf/conf.go:178.10,182.12 4 0
github.com/eezz10001/ego/core/econf/conf.go:185.10,188.4 2 0
github.com/eezz10001/ego/core/econf/conf.go:195.53,197.2 1 2
github.com/eezz10001/ego/core/econf/conf.go:200.35,202.2 1 0
github.com/eezz10001/ego/core/econf/conf.go:205.54,207.2 1 0
github.com/eezz10001/ego/core/econf/conf.go:210.31,212.2 1 0
github.com/eezz10001/ego/core/econf/conf.go:215.50,217.2 1 0
github.com/eezz10001/ego/core/econf/conf.go:220.29,222.2 1 0
github.com/eezz10001/ego/core/econf/conf.go:225.48,227.2 1 0
github.com/eezz10001/ego/core/econf/conf.go:230.33,232.2 1 0
github.com/eezz10001/ego/core/econf/conf.go:235.52,237.2 1 0
github.com/eezz10001/ego/core/econf/conf.go:240.37,242.2 1 0
github.com/eezz10001/ego/core/econf/conf.go:245.56,247.2 1 0
github.com/eezz10001/ego/core/econf/conf.go:250.36,252.2 1 0
github.com/eezz10001/ego/core/econf/conf.go:255.55,257.2 1 0
github.com/eezz10001/ego/core/econf/conf.go:260.44,262.2 1 0
github.com/eezz10001/ego/core/econf/conf.go:265.63,267.2 1 0
github.com/eezz10001/ego/core/econf/conf.go:270.42,272.2 1 0
github.com/eezz10001/ego/core/econf/conf.go:275.61,277.2 1 0
github.com/eezz10001/ego/core/econf/conf.go:280.41,282.2 1 0
github.com/eezz10001/ego/core/econf/conf.go:285.60,287.2 1 0
github.com/eezz10001/ego/core/econf/conf.go:290.54,292.2 1 0
github.com/eezz10001/ego/core/econf/conf.go:295.73,297.2 1 0
github.com/eezz10001/ego/core/econf/conf.go:300.55,302.2 1 0
github.com/eezz10001/ego/core/econf/conf.go:305.74,307.2 1 0
github.com/eezz10001/ego/core/econf/conf.go:310.80,312.2 1 0
github.com/eezz10001/ego/core/econf/conf.go:315.62,317.2 1 0
github.com/eezz10001/ego/core/econf/conf.go:320.81,322.2 1 0
github.com/eezz10001/ego/core/econf/conf.go:325.70,327.2 1 0
github.com/eezz10001/ego/core/econf/conf.go:330.89,332.16 2 0
github.com/eezz10001/ego/core/econf/conf.go:335.2,335.15 1 0
github.com/eezz10001/ego/core/econf/conf.go:332.16,334.3 1 0
github.com/eezz10001/ego/core/econf/conf.go:339.73,341.2 1 2
github.com/eezz10001/ego/core/econf/conf.go:347.92,349.27 2 2
github.com/eezz10001/ego/core/econf/conf.go:353.2,360.16 3 2
github.com/eezz10001/ego/core/econf/conf.go:363.2,363.15 1 2
github.com/eezz10001/ego/core/econf/conf.go:369.2,370.18 2 0
github.com/eezz10001/ego/core/econf/conf.go:374.2,374.30 1 0
github.com/eezz10001/ego/core/econf/conf.go:349.27,351.3 1 0
github.com/eezz10001/ego/core/econf/conf.go:360.16,362.3 1 0
github.com/eezz10001/ego/core/econf/conf.go:363.15,367.3 3 2
github.com/eezz10001/ego/core/econf/conf.go:370.18,372.3 1 0
github.com/eezz10001/ego/core/econf/conf.go:377.54,379.8 2 2
github.com/eezz10001/ego/core/econf/conf.go:383.2,389.11 7 0
github.com/eezz10001/ego/core/econf/conf.go:379.8,381.3 1 2
github.com/eezz10001/ego/core/econf/conf.go:392.100,393.27 1 3
github.com/eezz10001/ego/core/econf/conf.go:393.27,395.19 2 3
github.com/eezz10001/ego/core/econf/conf.go:398.3,398.50 1 3
github.com/eezz10001/ego/core/econf/conf.go:395.19,397.4 1 3
github.com/eezz10001/ego/core/econf/conf.go:398.50,400.4 1 0
github.com/eezz10001/ego/core/econf/conf.go:400.9,402.4 1 3
github.com/eezz10001/ego/core/econf/conf.go:406.69,410.2 3 3
github.com/eezz10001/ego/core/econf/conf.go:412.38,414.2 1 0
github.com/eezz10001/ego/core/econf/container.go:15.32,17.2 1 1
github.com/eezz10001/ego/core/econf/container.go:20.39,22.2 1 1
github.com/eezz10001/ego/core/econf/option.go:7.41,8.28 1 2
github.com/eezz10001/ego/core/econf/option.go:8.28,10.3 1 2
github.com/eezz10001/ego/core/econf/option.go:14.57,15.28 1 1
github.com/eezz10001/ego/core/econf/option.go:15.28,17.3 1 1
github.com/eezz10001/ego/core/eregistry/endpoint.go:24.32,31.2 1 6
github.com/eezz10001/ego/core/eregistry/endpoint.go:34.44,35.15 1 3
github.com/eezz10001/ego/core/eregistry/endpoint.go:39.2,41.12 3 2
github.com/eezz10001/ego/core/eregistry/endpoint.go:35.15,37.3 1 1
github.com/eezz10001/ego/core/eregistry/endpoint.go:45.51,46.34 1 3
github.com/eezz10001/ego/core/eregistry/endpoint.go:49.2,49.43 1 3
github.com/eezz10001/ego/core/eregistry/endpoint.go:52.2,52.46 1 3
github.com/eezz10001/ego/core/eregistry/endpoint.go:55.2,55.46 1 3
github.com/eezz10001/ego/core/eregistry/endpoint.go:46.34,48.3 1 0
github.com/eezz10001/ego/core/eregistry/endpoint.go:49.43,51.3 1 0
github.com/eezz10001/ego/core/eregistry/endpoint.go:52.46,54.3 1 0
github.com/eezz10001/ego/core/eregistry/endpoint.go:55.46,57.3 1 0
github.com/eezz10001/ego/core/eregistry/endpoint.go:92.43,95.2 2 0
github.com/eezz10001/ego/core/eregistry/nop.go:13.94,14.23 1 1
github.com/eezz10001/ego/core/eregistry/nop.go:18.88,19.23 1 1
github.com/eezz10001/ego/core/eregistry/nop.go:23.74,23.88 1 1
github.com/eezz10001/ego/core/eregistry/nop.go:26.76,26.90 1 1
github.com/eezz10001/ego/core/eregistry/nop.go:29.71,29.85 1 1
github.com/eezz10001/ego/core/eregistry/nop.go:32.28,32.42 1 1
github.com/eezz10001/ego/core/eregistry/registry.go:45.65,47.2 1 1
github.com/eezz10001/ego/core/eregistry/registry.go:51.52,53.2 1 4
github.com/eezz10001/ego/core/transport/grpc_transport.go:11.52,13.19 2 0
github.com/eezz10001/ego/core/transport/grpc_transport.go:16.2,16.11 1 0
github.com/eezz10001/ego/core/transport/grpc_transport.go:13.19,15.3 1 0
github.com/eezz10001/ego/core/transport/grpc_transport.go:20.59,22.2 1 0
github.com/eezz10001/ego/core/transport/grpc_transport.go:25.45,27.33 2 0
github.com/eezz10001/ego/core/transport/grpc_transport.go:30.2,30.13 1 0
github.com/eezz10001/ego/core/transport/grpc_transport.go:27.33,29.3 1 0
github.com/eezz10001/ego/core/transport/transport.go:20.13,22.47 2 1
github.com/eezz10001/ego/core/transport/transport.go:25.2,25.52 1 1
github.com/eezz10001/ego/core/transport/transport.go:22.47,24.3 1 1
github.com/eezz10001/ego/core/transport/transport.go:29.24,31.28 2 2
github.com/eezz10001/ego/core/transport/transport.go:34.2,34.52 1 2
github.com/eezz10001/ego/core/transport/transport.go:31.28,33.3 1 2
github.com/eezz10001/ego/core/transport/transport.go:38.35,40.2 1 1
github.com/eezz10001/ego/core/transport/transport.go:43.36,45.2 1 1
github.com/eezz10001/ego/core/transport/transport.go:48.84,50.2 1 1
github.com/eezz10001/ego/core/transport/transport.go:53.57,55.2 1 1
github.com/eezz10001/ego/core/transport/transport.go:57.45,59.2 1 4
github.com/eezz10001/ego/core/transport/transport.go:61.44,63.2 1 2
github.com/eezz10001/ego/core/transport/transport.go:71.38,71.78 1 1
github.com/eezz10001/ego/core/util/xcycle/lifecycle.go:20.24,29.2 1 4
github.com/eezz10001/ego/core/util/xcycle/lifecycle.go:32.38,38.20 5 4
github.com/eezz10001/ego/core/util/xcycle/lifecycle.go:38.20,40.30 2 4
github.com/eezz10001/ego/core/util/xcycle/lifecycle.go:40.30,42.4 1 1
github.com/eezz10001/ego/core/util/xcycle/lifecycle.go:47.40,48.51 1 3
github.com/eezz10001/ego/core/util/xcycle/lifecycle.go:56.2,56.15 1 3
github.com/eezz10001/ego/core/util/xcycle/lifecycle.go:48.51,49.21 1 3
github.com/eezz10001/ego/core/util/xcycle/lifecycle.go:49.21,54.4 4 3
github.com/eezz10001/ego/core/util/xcycle/lifecycle.go:60.32,63.2 2 1
github.com/eezz10001/ego/core/util/xcycle/lifecycle.go:66.25,69.51 3 3
github.com/eezz10001/ego/core/util/xcycle/lifecycle.go:69.51,71.3 1 3
github.com/eezz10001/ego/core/util/xcycle/lifecycle.go:75.46,78.25 2 4
github.com/eezz10001/ego/core/util/xcycle/lifecycle.go:83.2,84.15 2 4
github.com/eezz10001/ego/core/util/xcycle/lifecycle.go:78.25,79.52 1 0
github.com/eezz10001/ego/core/util/xcycle/lifecycle.go:79.52,81.4 1 0
github.com/eezz10001/ego/core/util/xcolor/string.go:10.32,12.2 1 1
github.com/eezz10001/ego/core/util/xcolor/string.go:15.29,17.2 1 1
github.com/eezz10001/ego/core/util/xcolor/string.go:20.30,22.2 1 1
github.com/eezz10001/ego/core/util/xcolor/string.go:25.31,27.2 1 1
github.com/eezz10001/ego/core/util/xmap/util.go:11.55,12.26 1 4
github.com/eezz10001/ego/core/util/xmap/util.go:12.26,14.10 2 9
github.com/eezz10001/ego/core/util/xmap/util.go:20.3,22.23 3 7
github.com/eezz10001/ego/core/util/xmap/util.go:27.3,27.27 1 7
github.com/eezz10001/ego/core/util/xmap/util.go:14.10,17.12 2 2
github.com/eezz10001/ego/core/util/xmap/util.go:22.23,24.12 2 0
github.com/eezz10001/ego/core/util/xmap/util.go:28.36,33.18 5 1
github.com/eezz10001/ego/core/util/xmap/util.go:34.31,36.18 2 1
github.com/eezz10001/ego/core/util/xmap/util.go:37.11,38.17 1 5
github.com/eezz10001/ego/core/util/xmap/util.go:44.83,46.24 2 3
github.com/eezz10001/ego/core/util/xmap/util.go:49.2,49.12 1 3
github.com/eezz10001/ego/core/util/xmap/util.go:46.24,48.3 1 5
github.com/eezz10001/ego/core/util/xmap/util.go:53.88,56.22 2 1
github.com/eezz10001/ego/core/util/xmap/util.go:59.2,59.26 1 1
github.com/eezz10001/ego/core/util/xmap/util.go:76.2,76.13 1 1
github.com/eezz10001/ego/core/util/xmap/util.go:56.22,58.3 1 1
github.com/eezz10001/ego/core/util/xmap/util.go:59.26,61.10 2 1
github.com/eezz10001/ego/core/util/xmap/util.go:68.3,69.17 2 1
github.com/eezz10001/ego/core/util/xmap/util.go:74.3,74.12 1 1
github.com/eezz10001/ego/core/util/xmap/util.go:61.10,65.12 4 0
github.com/eezz10001/ego/core/util/xmap/util.go:69.17,72.4 2 0
github.com/eezz10001/ego/core/util/xtime/xtime.go:10.41,12.16 2 2
github.com/eezz10001/ego/core/util/xtime/xtime.go:15.2,15.12 1 2
github.com/eezz10001/ego/core/util/xtime/xtime.go:12.16,13.13 1 0
github.com/eezz10001/ego/core/util/xtime/xtime.go:25.49,27.2 1 0
github.com/eezz10001/ego/core/util/xtime/xtime.go:30.63,32.16 2 5
github.com/eezz10001/ego/core/util/xtime/xtime.go:35.2,35.49 1 5
github.com/eezz10001/ego/core/util/xtime/xtime.go:32.16,34.3 1 0
github.com/eezz10001/ego/internal/ienv/env.go:9.55,10.50 1 2
github.com/eezz10001/ego/internal/ienv/env.go:14.2,14.21 1 1
github.com/eezz10001/ego/internal/ienv/env.go:10.50,13.3 2 1
github.com/eezz10001/ego/internal/ienv/env.go:18.52,19.50 1 2
github.com/eezz10001/ego/internal/ienv/env.go:23.2,23.21 1 1
github.com/eezz10001/ego/internal/ienv/env.go:19.50,22.3 2 1
github.com/eezz10001/ego/internal/ienv/env.go:27.55,28.50 1 2
github.com/eezz10001/ego/internal/ienv/env.go:32.2,32.21 1 1
github.com/eezz10001/ego/internal/ienv/env.go:28.50,31.3 2 1
github.com/eezz10001/ego/internal/ienv/env.go:36.64,37.50 1 2
github.com/eezz10001/ego/internal/ienv/env.go:41.2,41.21 1 1
github.com/eezz10001/ego/internal/ienv/env.go:37.50,40.3 2 1
github.com/eezz10001/ego/internal/ienv/env.go:45.48,46.47 1 2
github.com/eezz10001/ego/internal/ienv/env.go:49.2,49.21 1 1
github.com/eezz10001/ego/internal/ienv/env.go:46.47,48.3 1 1
github.com/eezz10001/ego/core/util/xstring/conv.go:9.37,12.2 2 1
github.com/eezz10001/ego/core/util/xstring/conv.go:15.37,17.37 2 1
github.com/eezz10001/ego/core/util/xstring/conv.go:21.2,23.24 3 1
github.com/eezz10001/ego/core/util/xstring/conv.go:33.2,33.22 1 1
github.com/eezz10001/ego/core/util/xstring/conv.go:17.37,19.3 1 0
github.com/eezz10001/ego/core/util/xstring/conv.go:23.24,25.15 2 19
github.com/eezz10001/ego/core/util/xstring/conv.go:31.3,31.11 1 19
github.com/eezz10001/ego/core/util/xstring/conv.go:25.15,26.19 1 16
github.com/eezz10001/ego/core/util/xstring/conv.go:29.4,29.30 1 16
github.com/eezz10001/ego/core/util/xstring/conv.go:26.19,28.5 1 3
github.com/eezz10001/ego/core/util/xstring/function.go:9.41,11.2 1 0
github.com/eezz10001/ego/core/util/xstring/function.go:14.39,16.31 2 0
github.com/eezz10001/ego/core/util/xstring/function.go:20.2,20.41 1 0
github.com/eezz10001/ego/core/util/xstring/function.go:16.31,18.3 1 0
github.com/eezz10001/ego/core/util/xstring/function.go:24.34,27.2 2 0
github.com/eezz10001/ego/core/util/xstring/json.go:43.13,45.2 1 1
github.com/eezz10001/ego/core/util/xstring/json.go:48.35,51.2 2 0
github.com/eezz10001/ego/core/util/xstring/json.go:54.40,57.2 2 0
github.com/eezz10001/ego/core/util/xstring/json.go:60.41,63.2 2 0
github.com/eezz10001/ego/core/util/xstring/json.go:66.46,69.2 2 0
github.com/eezz10001/ego/core/util/xstring/json.go:76.100,77.48 1 3
github.com/eezz10001/ego/core/util/xstring/json.go:77.48,80.40 3 7
github.com/eezz10001/ego/core/util/xstring/json.go:86.3,86.19 1 7
github.com/eezz10001/ego/core/util/xstring/json.go:80.40,81.30 1 6
github.com/eezz10001/ego/core/util/xstring/json.go:81.30,83.10 2 6
github.com/eezz10001/ego/core/util/xstring/json.go:86.19,89.4 2 6
github.com/eezz10001/ego/core/util/xstring/json.go:96.44,98.2 1 6
github.com/eezz10001/ego/core/util/xstring/uuid.go:15.13,17.2 1 1
github.com/eezz10001/ego/core/util/xstring/uuid.go:20.46,42.22 17 1
github.com/eezz10001/ego/core/util/xstring/uuid.go:46.2,46.18 1 1
github.com/eezz10001/ego/core/util/xstring/uuid.go:42.22,45.3 2 16
github.com/eezz10001/ego/core/util/xstring/uuid.go:50.26,52.2 1 1
github.com/eezz10001/ego/internal/ecode/code.go:12.40,13.16 1 5
github.com/eezz10001/ego/internal/ecode/code.go:17.2,19.9 1 4
github.com/eezz10001/ego/internal/ecode/code.go:23.2,23.13 1 3
github.com/eezz10001/ego/internal/ecode/code.go:30.2,30.47 1 1
github.com/eezz10001/ego/internal/ecode/code.go:13.16,15.3 1 1
github.com/eezz10001/ego/internal/ecode/code.go:19.9,21.3 1 1
github.com/eezz10001/ego/internal/ecode/code.go:24.32,25.57 1 1
github.com/eezz10001/ego/internal/ecode/code.go:26.24,27.49 1 1
github.com/eezz10001/ego/internal/ecode/code.go:37.54,38.20 1 18
github.com/eezz10001/ego/internal/ecode/code.go:39.16,40.23 1 1
github.com/eezz10001/ego/internal/ecode/code.go:41.22,42.35 1 1
github.com/eezz10001/ego/internal/ecode/code.go:43.21,44.40 1 1
github.com/eezz10001/ego/internal/ecode/code.go:45.29,46.31 1 1
github.com/eezz10001/ego/internal/ecode/code.go:47.30,48.35 1 1
github.com/eezz10001/ego/internal/ecode/code.go:49.22,50.29 1 1
github.com/eezz10001/ego/internal/ecode/code.go:51.27,52.29 1 1
github.com/eezz10001/ego/internal/ecode/code.go:53.30,54.30 1 1
github.com/eezz10001/ego/internal/ecode/code.go:55.29,56.33 1 1
github.com/eezz10001/ego/internal/ecode/code.go:57.31,58.39 1 1
github.com/eezz10001/ego/internal/ecode/code.go:59.32,60.39 1 1
github.com/eezz10001/ego/internal/ecode/code.go:61.21,62.29 1 1
github.com/eezz10001/ego/internal/ecode/code.go:63.24,64.31 1 1
github.com/eezz10001/ego/internal/ecode/code.go:65.27,66.35 1 1
github.com/eezz10001/ego/internal/ecode/code.go:67.22,68.40 1 1
github.com/eezz10001/ego/internal/ecode/code.go:69.25,70.39 1 1
github.com/eezz10001/ego/internal/ecode/code.go:71.22,72.40 1 1
github.com/eezz10001/ego/internal/ecode/code.go:73.10,74.40 1 1
github.com/eezz10001/ego/server/server.go:49.38,51.2 1 2
github.com/eezz10001/ego/server/server.go:54.49,56.2 1 1
github.com/eezz10001/ego/server/server.go:59.49,62.2 2 4
github.com/eezz10001/ego/server/server.go:65.60,67.2 1 1
github.com/eezz10001/ego/server/server.go:91.50,93.33 2 1
github.com/eezz10001/ego/server/server.go:96.2,96.13 1 1
github.com/eezz10001/ego/server/server.go:93.33,95.3 1 5
github.com/eezz10001/ego/server/server.go:100.45,101.30 1 1
github.com/eezz10001/ego/server/server.go:101.30,103.3 1 1
github.com/eezz10001/ego/server/server.go:107.39,108.30 1 1
github.com/eezz10001/ego/server/server.go:108.30,110.3 1 1
github.com/eezz10001/ego/server/server.go:114.41,115.30 1 1
github.com/eezz10001/ego/server/server.go:115.30,117.3 1 1
github.com/eezz10001/ego/server/server.go:121.35,122.30 1 1
github.com/eezz10001/ego/server/server.go:122.30,124.3 1 1
github.com/eezz10001/ego/server/server.go:128.49,129.30 1 1
github.com/eezz10001/ego/server/server.go:129.30,131.3 1 1
github.com/eezz10001/ego/server/server.go:134.39,154.2 8 1
github.com/eezz10001/ego/internal/tools/tools.go:18.62,19.15 1 3
github.com/eezz10001/ego/internal/tools/tools.go:22.2,23.9 2 2
github.com/eezz10001/ego/internal/tools/tools.go:27.2,27.39 1 1
github.com/eezz10001/ego/internal/tools/tools.go:19.15,21.3 1 1
github.com/eezz10001/ego/internal/tools/tools.go:23.9,25.3 1 1
github.com/eezz10001/ego/internal/tools/tools.go:31.59,32.15 1 4
github.com/eezz10001/ego/internal/tools/tools.go:35.2,35.49 1 3
github.com/eezz10001/ego/internal/tools/tools.go:32.15,34.3 1 1
github.com/eezz10001/ego/internal/tools/tools.go:39.63,41.23 2 1
github.com/eezz10001/ego/internal/tools/tools.go:42.21,43.23 1 1
github.com/eezz10001/ego/internal/tools/tools.go:46.3,46.11 1 1
github.com/eezz10001/ego/internal/tools/tools.go:47.32,49.11 2 0
github.com/eezz10001/ego/internal/tools/tools.go:50.10,52.11 2 0
github.com/eezz10001/ego/internal/tools/tools.go:43.23,45.4 1 1
github.com/eezz10001/ego/internal/tools/tools.go:57.31,59.16 2 1
github.com/eezz10001/ego/internal/tools/tools.go:62.2,62.18 1 0
github.com/eezz10001/ego/internal/tools/tools.go:59.16,60.64 1 1
github.com/eezz10001/ego/ego.go:62.34,93.25 2 14
github.com/eezz10001/ego/ego.go:99.2,102.33 2 14
github.com/eezz10001/ego/ego.go:106.2,124.10 6 14
github.com/eezz10001/ego/ego.go:93.25,95.3 1 14
github.com/eezz10001/ego/ego.go:102.33,104.3 1 42
github.com/eezz10001/ego/ego.go:128.49,137.2 5 0
github.com/eezz10001/ego/ego.go:140.53,143.2 2 0
github.com/eezz10001/ego/ego.go:146.46,151.2 4 2
github.com/eezz10001/ego/ego.go:154.43,157.2 2 0
github.com/eezz10001/ego/ego.go:160.46,163.19 2 2
github.com/eezz10001/ego/ego.go:168.2,169.54 2 1
github.com/eezz10001/ego/ego.go:173.2,173.33 1 1
github.com/eezz10001/ego/ego.go:190.2,190.10 1 1
github.com/eezz10001/ego/ego.go:163.19,166.3 2 1
github.com/eezz10001/ego/ego.go:169.54,171.3 1 1
github.com/eezz10001/ego/ego.go:173.33,175.20 2 1
github.com/eezz10001/ego/ego.go:179.3,179.32 1 1
github.com/eezz10001/ego/ego.go:184.3,185.11 2 1
github.com/eezz10001/ego/ego.go:175.20,178.4 2 0
github.com/eezz10001/ego/ego.go:179.32,182.4 2 0
github.com/eezz10001/ego/ego.go:185.11,188.4 2 1
github.com/eezz10001/ego/ego.go:194.27,195.18 1 2
github.com/eezz10001/ego/ego.go:200.2,200.21 1 2
github.com/eezz10001/ego/ego.go:204.2,213.52 4 2
github.com/eezz10001/ego/ego.go:218.2,221.12 3 0
github.com/eezz10001/ego/ego.go:195.18,198.3 2 0
github.com/eezz10001/ego/ego.go:200.21,202.3 1 0
github.com/eezz10001/ego/ego.go:213.52,217.3 3 2
github.com/eezz10001/ego/ego.go:225.70,231.16 3 2
github.com/eezz10001/ego/ego.go:247.2,250.28 2 2
github.com/eezz10001/ego/ego.go:255.2,261.12 4 2
github.com/eezz10001/ego/ego.go:231.16,232.31 1 0
github.com/eezz10001/ego/ego.go:232.31,233.26 1 0
github.com/eezz10001/ego/ego.go:233.26,235.30 1 0
github.com/eezz10001/ego/ego.go:235.30,237.6 1 0
github.com/eezz10001/ego/ego.go:240.8,241.31 1 2
github.com/eezz10001/ego/ego.go:241.31,242.26 1 2
github.com/eezz10001/ego/ego.go:242.26,244.5 1 2
github.com/eezz10001/ego/ego.go:250.28,251.23 1 0
github.com/eezz10001/ego/ego.go:251.23,253.4 1 0
github.com/eezz10001/ego/ego_function.go:32.29,39.12 3 2
github.com/eezz10001/ego/ego_function.go:39.12,43.13 3 2
github.com/eezz10001/ego/ego_function.go:57.3,60.41 3 0
github.com/eezz10001/ego/ego_function.go:43.13,46.17 2 0
github.com/eezz10001/ego/ego_function.go:50.4,53.58 3 0
github.com/eezz10001/ego/ego_function.go:46.17,49.5 2 0
github.com/eezz10001/ego/ego_function.go:53.58,55.5 1 0
github.com/eezz10001/ego/ego_function.go:64.55,66.30 1 2
github.com/eezz10001/ego/ego_function.go:83.2,83.12 1 2
github.com/eezz10001/ego/ego_function.go:66.30,68.34 2 2
github.com/eezz10001/ego/ego_function.go:68.34,71.18 3 2
github.com/eezz10001/ego/ego_function.go:74.4,74.17 1 2
github.com/eezz10001/ego/ego_function.go:77.4,80.10 4 2
github.com/eezz10001/ego/ego_function.go:71.18,73.5 1 0
github.com/eezz10001/ego/ego_function.go:74.17,76.5 1 2
github.com/eezz10001/ego/ego_function.go:86.34,87.28 1 2
github.com/eezz10001/ego/ego_function.go:93.2,93.12 1 2
github.com/eezz10001/ego/ego_function.go:87.28,89.28 2 0
github.com/eezz10001/ego/ego_function.go:89.28,91.4 1 0
github.com/eezz10001/ego/ego_function.go:97.33,98.22 1 3
github.com/eezz10001/ego/ego_function.go:101.2,103.32 2 1
github.com/eezz10001/ego/ego_function.go:110.2,111.26 2 1
github.com/eezz10001/ego/ego_function.go:114.2,114.18 1 1
github.com/eezz10001/ego/ego_function.go:98.22,100.3 1 2
github.com/eezz10001/ego/ego_function.go:103.32,105.36 2 1
github.com/eezz10001/ego/ego_function.go:105.36,107.4 1 1
github.com/eezz10001/ego/ego_function.go:111.26,113.3 1 1
github.com/eezz10001/ego/ego_function.go:118.34,119.31 1 14
github.com/eezz10001/ego/ego_function.go:129.2,140.40 2 14
github.com/eezz10001/ego/ego_function.go:146.2,151.41 1 14
github.com/eezz10001/ego/ego_function.go:153.2,153.46 1 14
github.com/eezz10001/ego/ego_function.go:119.31,125.50 1 13
github.com/eezz10001/ego/ego_function.go:125.51,125.52 0 0
github.com/eezz10001/ego/ego_function.go:140.40,143.4 2 0
github.com/eezz10001/ego/ego_function.go:151.42,151.43 0 0
github.com/eezz10001/ego/ego_function.go:157.25,162.45 3 15
github.com/eezz10001/ego/ego_function.go:169.2,169.16 1 0
github.com/eezz10001/ego/ego_function.go:174.2,174.91 1 0
github.com/eezz10001/ego/ego_function.go:177.2,178.12 2 0
github.com/eezz10001/ego/ego_function.go:162.45,166.3 2 15
github.com/eezz10001/ego/ego_function.go:169.16,171.3 1 0
github.com/eezz10001/ego/ego_function.go:174.91,176.3 1 0
github.com/eezz10001/ego/ego_function.go:182.34,183.60 1 14
github.com/eezz10001/ego/ego_function.go:189.2,189.56 1 14
github.com/eezz10001/ego/ego_function.go:194.2,194.12 1 14
github.com/eezz10001/ego/ego_function.go:183.60,187.3 3 0
github.com/eezz10001/ego/ego_function.go:189.56,193.3 3 0
github.com/eezz10001/ego/ego_function.go:198.34,203.51 2 14
github.com/eezz10001/ego/ego_function.go:211.2,211.58 1 14
github.com/eezz10001/ego/ego_function.go:216.2,220.12 5 14
github.com/eezz10001/ego/ego_function.go:203.51,205.3 1 0
github.com/eezz10001/ego/ego_function.go:205.8,208.3 1 14
github.com/eezz10001/ego/ego_function.go:211.58,214.3 2 0
github.com/eezz10001/ego/ego_function.go:224.36,225.54 1 14
github.com/eezz10001/ego/ego_function.go:229.2,229.12 1 14
github.com/eezz10001/ego/ego_function.go:225.54,228.3 2 0
github.com/eezz10001/ego/ego_function.go:233.27,234.60 1 14
github.com/eezz10001/ego/ego_function.go:241.2,242.12 2 14
github.com/eezz10001/ego/ego_function.go:234.60,236.3 1 0
github.com/eezz10001/ego/ego_function.go:236.8,237.43 1 14
github.com/eezz10001/ego/ego_function.go:237.43,239.4 1 0
github.com/eezz10001/ego/ego_function.go:246.35,247.26 1 14
github.com/eezz10001/ego/ego_function.go:250.2,260.12 3 9
github.com/eezz10001/ego/ego_function.go:247.26,249.3 1 5
github.com/eezz10001/ego/ego_function.go:263.57,264.25 1 16
github.com/eezz10001/ego/ego_function.go:270.2,270.12 1 15
github.com/eezz10001/ego/ego_function.go:264.25,266.17 2 100
github.com/eezz10001/ego/ego_function.go:266.17,268.4 1 1
github.com/eezz10001/ego/ego_function.go:273.48,274.28 1 5
github.com/eezz10001/ego/ego_function.go:274.28,276.17 2 9
github.com/eezz10001/ego/ego_function.go:276.17,278.4 1 1
github.com/eezz10001/ego/ego_option.go:12.33,13.22 1 2
github.com/eezz10001/ego/ego_option.go:13.22,15.3 1 2
github.com/eezz10001/ego/ego_option.go:19.51,20.22 1 6
github.com/eezz10001/ego/ego_option.go:20.22,22.3 1 6
github.com/eezz10001/ego/ego_option.go:26.47,27.22 1 1
github.com/eezz10001/ego/ego_option.go:27.22,29.3 1 1
github.com/eezz10001/ego/ego_option.go:33.59,34.22 1 2
github.com/eezz10001/ego/ego_option.go:34.22,36.3 1 2
github.com/eezz10001/ego/ego_option.go:40.51,41.22 1 1
github.com/eezz10001/ego/ego_option.go:41.22,43.3 1 1
github.com/eezz10001/ego/ego_option.go:47.54,48.22 1 14
github.com/eezz10001/ego/ego_option.go:48.22,50.3 1 14
github.com/eezz10001/ego/ego_option.go:54.53,55.22 1 14
github.com/eezz10001/ego/ego_option.go:55.22,57.3 1 14
github.com/eezz10001/ego/ego_option.go:61.52,62.22 1 1
github.com/eezz10001/ego/ego_option.go:62.22,64.3 1 1
github.com/eezz10001/ego/ego_option.go:68.54,69.22 1 1
github.com/eezz10001/ego/ego_option.go:69.22,71.3 1 1
github.com/eezz10001/ego/task/ejob/component.go:22.13,44.2 3 1
github.com/eezz10001/ego/task/ejob/component.go:64.83,72.2 2 6
github.com/eezz10001/ego/task/ejob/component.go:75.35,77.2 1 1
github.com/eezz10001/ego/task/ejob/component.go:80.42,82.2 1 1
github.com/eezz10001/ego/task/ejob/component.go:85.34,87.2 1 0
github.com/eezz10001/ego/task/ejob/component.go:89.48,97.39 2 1
github.com/eezz10001/ego/task/ejob/component.go:100.2,103.15 3 1
github.com/eezz10001/ego/task/ejob/component.go:97.39,99.3 1 0
github.com/eezz10001/ego/task/ejob/component.go:103.15,104.35 1 1
github.com/eezz10001/ego/task/ejob/component.go:116.3,116.17 1 1
github.com/eezz10001/ego/task/ejob/component.go:104.35,105.29 1 0
github.com/eezz10001/ego/task/ejob/component.go:112.4,114.68 3 0
github.com/eezz10001/ego/task/ejob/component.go:106.15,107.14 1 0
github.com/eezz10001/ego/task/ejob/component.go:108.12,109.32 1 0
github.com/eezz10001/ego/task/ejob/component.go:116.17,119.4 2 0
github.com/eezz10001/ego/task/ejob/component.go:119.9,122.4 2 1
github.com/eezz10001/ego/task/ejob/component.go:127.83,137.2 5 1
github.com/eezz10001/ego/task/ejob/component.go:140.41,145.16 3 0
github.com/eezz10001/ego/task/ejob/component.go:148.2,151.35 3 0
github.com/eezz10001/ego/task/ejob/component.go:157.2,157.26 1 0
github.com/eezz10001/ego/task/ejob/component.go:145.16,147.3 1 0
github.com/eezz10001/ego/task/ejob/component.go:151.35,153.20 2 0
github.com/eezz10001/ego/task/ejob/component.go:153.20,155.4 1 0
github.com/eezz10001/ego/task/ejob/component.go:161.34,163.2 1 0
github.com/eezz10001/ego/task/ejob/config.go:11.30,16.2 1 6
github.com/eezz10001/ego/task/ejob/container.go:21.13,26.2 1 1
github.com/eezz10001/ego/task/ejob/container.go:28.52,32.42 4 1
github.com/eezz10001/ego/task/ejob/container.go:35.2,35.12 1 1
github.com/eezz10001/ego/task/ejob/container.go:32.42,34.3 1 1
github.com/eezz10001/ego/task/ejob/container.go:46.36,51.2 1 2
github.com/eezz10001/ego/task/ejob/container.go:55.57,56.33 1 5
github.com/eezz10001/ego/task/ejob/container.go:59.2,59.56 1 5
github.com/eezz10001/ego/task/ejob/container.go:56.33,58.3 1 8
github.com/eezz10001/ego/task/ejob/container.go:63.65,76.2 6 3
github.com/eezz10001/ego/task/ejob/container.go:79.53,81.19 2 4
github.com/eezz10001/ego/task/ejob/container.go:86.2,90.20 3 3
github.com/eezz10001/ego/task/ejob/container.go:95.2,101.9 6 2
github.com/eezz10001/ego/task/ejob/container.go:106.2,107.16 2 1
github.com/eezz10001/ego/task/ejob/container.go:81.19,85.3 3 1
github.com/eezz10001/ego/task/ejob/container.go:90.20,94.3 3 1
github.com/eezz10001/ego/task/ejob/container.go:101.9,105.3 3 1
github.com/eezz10001/ego/task/ejob/container.go:107.16,111.3 3 0
github.com/eezz10001/ego/task/ejob/container.go:116.60,119.30 3 1
github.com/eezz10001/ego/task/ejob/container.go:122.2,123.16 2 1
github.com/eezz10001/ego/task/ejob/container.go:127.2,129.16 3 1
github.com/eezz10001/ego/task/ejob/container.go:119.30,121.3 1 1
github.com/eezz10001/ego/task/ejob/container.go:123.16,126.3 2 0
github.com/eezz10001/ego/task/ejob/container.go:129.16,131.3 1 0
github.com/eezz10001/ego/task/ejob/options.go:7.35,8.28 1 4
github.com/eezz10001/ego/task/ejob/options.go:8.28,10.3 1 4
github.com/eezz10001/ego/task/ejob/options.go:14.62,15.28 1 4
github.com/eezz10001/ego/task/ejob/options.go:15.28,17.3 1 4
github.com/eezz10001/ego/client/egrpc/interceptor.go:39.196,40.153 1 14
github.com/eezz10001/ego/client/egrpc/interceptor.go:40.153,51.3 7 5
github.com/eezz10001/ego/client/egrpc/interceptor.go:55.79,56.153 1 1
github.com/eezz10001/ego/client/egrpc/interceptor.go:56.153,61.17 5 1
github.com/eezz10001/ego/client/egrpc/interceptor.go:66.3,66.13 1 1
github.com/eezz10001/ego/client/egrpc/interceptor.go:61.17,63.4 1 0
github.com/eezz10001/ego/client/egrpc/interceptor.go:63.9,65.4 1 1
github.com/eezz10001/ego/client/egrpc/interceptor.go:71.79,77.159 3 13
github.com/eezz10001/ego/client/egrpc/interceptor.go:77.159,79.10 2 4
github.com/eezz10001/ego/client/egrpc/interceptor.go:82.3,89.16 4 4
github.com/eezz10001/ego/client/egrpc/interceptor.go:101.3,101.55 1 4
github.com/eezz10001/ego/client/egrpc/interceptor.go:79.10,81.4 1 4
github.com/eezz10001/ego/client/egrpc/interceptor.go:89.16,90.18 1 4
github.com/eezz10001/ego/client/egrpc/interceptor.go:99.4,99.14 1 4
github.com/eezz10001/ego/client/egrpc/interceptor.go:90.18,92.46 2 1
github.com/eezz10001/ego/client/egrpc/interceptor.go:95.5,95.45 1 1
github.com/eezz10001/ego/client/egrpc/interceptor.go:92.46,94.6 1 1
github.com/eezz10001/ego/client/egrpc/interceptor.go:96.10,98.5 1 3
github.com/eezz10001/ego/client/egrpc/interceptor.go:106.81,107.153 1 13
github.com/eezz10001/ego/client/egrpc/interceptor.go:107.153,110.30 2 4
github.com/eezz10001/ego/client/egrpc/interceptor.go:113.3,113.55 1 4
github.com/eezz10001/ego/client/egrpc/interceptor.go:110.30,112.4 1 4
github.com/eezz10001/ego/client/egrpc/interceptor.go:145.53,148.41 2 0
github.com/eezz10001/ego/client/egrpc/interceptor.go:159.2,159.12 1 0
github.com/eezz10001/ego/client/egrpc/interceptor.go:148.41,150.3 1 0
github.com/eezz10001/ego/client/egrpc/interceptor.go:150.8,150.26 1 0
github.com/eezz10001/ego/client/egrpc/interceptor.go:150.26,152.3 1 0
github.com/eezz10001/ego/client/egrpc/interceptor.go:152.8,152.23 1 0
github.com/eezz10001/ego/client/egrpc/interceptor.go:152.23,154.3 1 0
github.com/eezz10001/ego/client/egrpc/interceptor.go:154.8,157.3 2 0
github.com/eezz10001/ego/client/egrpc/interceptor.go:162.53,168.16 4 0
github.com/eezz10001/ego/client/egrpc/interceptor.go:172.2,172.12 1 0
github.com/eezz10001/ego/client/egrpc/interceptor.go:168.16,170.3 1 0
github.com/eezz10001/ego/client/egrpc/interceptor.go:175.54,178.16 2 0
github.com/eezz10001/ego/client/egrpc/interceptor.go:182.2,182.16 1 0
github.com/eezz10001/ego/client/egrpc/interceptor.go:178.16,180.3 1 0
github.com/eezz10001/ego/client/egrpc/interceptor.go:185.42,188.16 2 0
github.com/eezz10001/ego/client/egrpc/interceptor.go:192.2,192.12 1 0
github.com/eezz10001/ego/client/egrpc/interceptor.go:188.16,190.3 1 0
github.com/eezz10001/ego/client/egrpc/interceptor.go:195.102,200.12 4 0
github.com/eezz10001/ego/client/egrpc/interceptor.go:221.2,227.3 1 0
github.com/eezz10001/ego/client/egrpc/interceptor.go:200.12,203.7 2 0
github.com/eezz10001/ego/client/egrpc/interceptor.go:203.7,204.11 1 0
github.com/eezz10001/ego/client/egrpc/interceptor.go:205.27,206.23 1 0
github.com/eezz10001/ego/client/egrpc/interceptor.go:214.22,216.11 2 0
github.com/eezz10001/ego/client/egrpc/interceptor.go:207.26,209.12 2 0
github.com/eezz10001/ego/client/egrpc/interceptor.go:210.21,212.12 2 0
github.com/eezz10001/ego/client/egrpc/interceptor.go:230.78,231.9 1 0
github.com/eezz10001/ego/client/egrpc/interceptor.go:232.22,232.22 0 0
github.com/eezz10001/ego/client/egrpc/interceptor.go:233.58,233.58 0 0
github.com/eezz10001/ego/client/egrpc/interceptor.go:237.81,243.170 3 13
github.com/eezz10001/ego/client/egrpc/interceptor.go:243.170,245.10 2 0
github.com/eezz10001/ego/client/egrpc/interceptor.go:248.3,257.17 5 0
github.com/eezz10001/ego/client/egrpc/interceptor.go:266.3,268.13 2 0
github.com/eezz10001/ego/client/egrpc/interceptor.go:282.3,282.21 1 0
github.com/eezz10001/ego/client/egrpc/interceptor.go:245.10,247.4 1 0
github.com/eezz10001/ego/client/egrpc/interceptor.go:257.17,259.45 2 0
github.com/eezz10001/ego/client/egrpc/interceptor.go:262.4,264.17 3 0
github.com/eezz10001/ego/client/egrpc/interceptor.go:259.45,261.5 1 0
github.com/eezz10001/ego/client/egrpc/interceptor.go:268.13,270.18 2 0
github.com/eezz10001/ego/client/egrpc/interceptor.go:279.4,279.14 1 0
github.com/eezz10001/ego/client/egrpc/interceptor.go:270.18,272.46 2 0
github.com/eezz10001/ego/client/egrpc/interceptor.go:275.5,275.45 1 0
github.com/eezz10001/ego/client/egrpc/interceptor.go:272.46,274.6 1 0
github.com/eezz10001/ego/client/egrpc/interceptor.go:276.10,278.5 1 0
github.com/eezz10001/ego/client/egrpc/interceptor.go:286.83,287.170 1 13
github.com/eezz10001/ego/client/egrpc/interceptor.go:287.170,290.30 2 0
github.com/eezz10001/ego/client/egrpc/interceptor.go:293.3,293.50 1 0
github.com/eezz10001/ego/client/egrpc/interceptor.go:290.30,292.4 1 0
github.com/eezz10001/ego/client/egrpc/interceptor.go:298.81,299.153 1 13
github.com/eezz10001/ego/client/egrpc/interceptor.go:299.153,302.10 2 4
github.com/eezz10001/ego/client/egrpc/interceptor.go:307.3,307.55 1 4
github.com/eezz10001/ego/client/egrpc/interceptor.go:302.10,306.4 3 4
github.com/eezz10001/ego/client/egrpc/interceptor.go:312.80,313.151 1 13
github.com/eezz10001/ego/client/egrpc/interceptor.go:313.151,318.34 4 4
github.com/eezz10001/ego/client/egrpc/interceptor.go:326.3,342.75 6 4
github.com/eezz10001/ego/client/egrpc/interceptor.go:346.3,346.42 1 4
github.com/eezz10001/ego/client/egrpc/interceptor.go:349.3,349.42 1 4
github.com/eezz10001/ego/client/egrpc/interceptor.go:353.3,353.87 1 4
github.com/eezz10001/ego/client/egrpc/interceptor.go:357.3,357.17 1 4
github.com/eezz10001/ego/client/egrpc/interceptor.go:370.3,370.39 1 3
github.com/eezz10001/ego/client/egrpc/interceptor.go:374.3,374.13 1 3
github.com/eezz10001/ego/client/egrpc/interceptor.go:318.34,319.58 1 4
github.com/eezz10001/ego/client/egrpc/interceptor.go:319.58,323.5 2 0
github.com/eezz10001/ego/client/egrpc/interceptor.go:342.75,344.4 1 0
github.com/eezz10001/ego/client/egrpc/interceptor.go:346.42,348.4 1 0
github.com/eezz10001/ego/client/egrpc/interceptor.go:349.42,351.4 1 0
github.com/eezz10001/ego/client/egrpc/interceptor.go:353.87,355.4 1 1
github.com/eezz10001/ego/client/egrpc/interceptor.go:357.17,360.56 2 1
github.com/eezz10001/ego/client/egrpc/interceptor.go:366.4,367.14 2 1
github.com/eezz10001/ego/client/egrpc/interceptor.go:360.56,364.5 2 0
github.com/eezz10001/ego/client/egrpc/interceptor.go:370.39,373.4 2 0
github.com/eezz10001/ego/client/egrpc/interceptor.go:379.73,380.151 1 14
github.com/eezz10001/ego/client/egrpc/interceptor.go:380.151,381.39 1 5
github.com/eezz10001/ego/client/egrpc/interceptor.go:386.3,386.53 1 5
github.com/eezz10001/ego/client/egrpc/interceptor.go:381.39,382.61 1 5
github.com/eezz10001/ego/client/egrpc/interceptor.go:382.61,384.5 1 1
github.com/eezz10001/ego/client/egrpc/interceptor.go:390.31,392.26 1 1
github.com/eezz10001/ego/client/egrpc/interceptor.go:401.2,401.11 1 0
github.com/eezz10001/ego/client/egrpc/interceptor.go:392.26,394.10 2 4
github.com/eezz10001/ego/client/egrpc/interceptor.go:397.3,397.224 1 4
github.com/eezz10001/ego/client/egrpc/interceptor.go:394.10,395.9 1 0
github.com/eezz10001/ego/client/egrpc/interceptor.go:397.224,399.4 1 1
github.com/eezz10001/ego/client/egrpc/option.go:13.35,14.28 1 2
github.com/eezz10001/ego/client/egrpc/option.go:14.28,16.3 1 2
github.com/eezz10001/ego/client/egrpc/option.go:20.39,21.28 1 1
github.com/eezz10001/ego/client/egrpc/option.go:21.28,23.3 1 1
github.com/eezz10001/ego/client/egrpc/option.go:27.51,28.28 1 1
github.com/eezz10001/ego/client/egrpc/option.go:28.28,30.3 1 1
github.com/eezz10001/ego/client/egrpc/option.go:34.46,35.28 1 0
github.com/eezz10001/ego/client/egrpc/option.go:35.28,37.3 1 0
github.com/eezz10001/ego/client/egrpc/option.go:41.46,42.28 1 2
github.com/eezz10001/ego/client/egrpc/option.go:42.28,44.3 1 2
github.com/eezz10001/ego/client/egrpc/option.go:48.41,49.28 1 1
github.com/eezz10001/ego/client/egrpc/option.go:49.29,51.3 0 0
github.com/eezz10001/ego/client/egrpc/option.go:55.53,56.28 1 117
github.com/eezz10001/ego/client/egrpc/option.go:56.28,57.34 1 117
github.com/eezz10001/ego/client/egrpc/option.go:60.3,60.63 1 117
github.com/eezz10001/ego/client/egrpc/option.go:57.34,59.4 1 13
github.com/eezz10001/ego/client/egrpc/option.go:65.71,66.28 1 1
github.com/eezz10001/ego/client/egrpc/option.go:66.28,68.3 1 1
github.com/eezz10001/ego/client/egrpc/option.go:72.77,73.28 1 1
github.com/eezz10001/ego/client/egrpc/option.go:73.28,75.3 1 1
github.com/eezz10001/ego/client/egrpc/option.go:79.77,80.28 1 1
github.com/eezz10001/ego/client/egrpc/option.go:80.28,82.3 1 1
github.com/eezz10001/ego/client/egrpc/option.go:86.56,87.101 1 12
github.com/eezz10001/ego/client/egrpc/option.go:87.101,89.3 1 12
github.com/eezz10001/ego/client/egrpc/option.go:93.35,94.28 1 2
github.com/eezz10001/ego/client/egrpc/option.go:94.28,96.3 1 2
github.com/eezz10001/ego/client/egrpc/component.go:29.83,30.34 1 15
github.com/eezz10001/ego/client/egrpc/component.go:34.2,37.24 3 15
github.com/eezz10001/ego/client/egrpc/component.go:47.2,47.31 1 15
github.com/eezz10001/ego/client/egrpc/component.go:51.2,51.29 1 15
github.com/eezz10001/ego/client/egrpc/component.go:59.2,59.33 1 15
github.com/eezz10001/ego/client/egrpc/component.go:68.2,80.16 5 15
github.com/eezz10001/ego/client/egrpc/component.go:89.2,90.18 2 13
github.com/eezz10001/ego/client/egrpc/component.go:30.34,33.3 1 0
github.com/eezz10001/ego/client/egrpc/component.go:37.24,38.44 1 15
github.com/eezz10001/ego/client/egrpc/component.go:44.3,44.54 1 15
github.com/eezz10001/ego/client/egrpc/component.go:38.44,42.4 3 15
github.com/eezz10001/ego/client/egrpc/component.go:47.31,49.3 1 15
github.com/eezz10001/ego/client/egrpc/component.go:51.29,53.3 1 0
github.com/eezz10001/ego/client/egrpc/component.go:59.33,61.42 2 0
github.com/eezz10001/ego/client/egrpc/component.go:61.42,63.4 1 0
github.com/eezz10001/ego/client/egrpc/component.go:64.8,66.3 1 15
github.com/eezz10001/ego/client/egrpc/component.go:80.16,82.31 2 2
github.com/eezz10001/ego/client/egrpc/component.go:86.3,87.19 2 0
github.com/eezz10001/ego/client/egrpc/component.go:82.31,85.4 2 2
github.com/eezz10001/ego/client/egrpc/component.go:94.35,96.2 1 1
github.com/eezz10001/ego/client/egrpc/config.go:41.30,61.2 1 17
github.com/eezz10001/ego/client/egrpc/container.go:23.36,28.2 1 14
github.com/eezz10001/ego/client/egrpc/container.go:31.34,34.59 3 8
github.com/eezz10001/ego/client/egrpc/container.go:38.2,40.10 3 8
github.com/eezz10001/ego/client/egrpc/container.go:34.59,37.3 2 0
github.com/eezz10001/ego/client/egrpc/container.go:44.57,46.37 1 13
github.com/eezz10001/ego/client/egrpc/container.go:54.2,59.30 3 13
github.com/eezz10001/ego/client/egrpc/container.go:63.2,63.39 1 13
github.com/eezz10001/ego/client/egrpc/container.go:68.2,68.39 1 13
github.com/eezz10001/ego/client/egrpc/container.go:72.2,72.38 1 13
github.com/eezz10001/ego/client/egrpc/container.go:78.2,78.33 1 13
github.com/eezz10001/ego/client/egrpc/container.go:82.2,82.49 1 13
github.com/eezz10001/ego/client/egrpc/container.go:46.37,51.3 1 13
github.com/eezz10001/ego/client/egrpc/container.go:59.30,61.3 1 0
github.com/eezz10001/ego/client/egrpc/container.go:63.39,66.3 2 13
github.com/eezz10001/ego/client/egrpc/container.go:68.39,70.3 1 13
github.com/eezz10001/ego/client/egrpc/container.go:72.38,76.3 1 13
github.com/eezz10001/ego/client/egrpc/container.go:78.33,80.3 1 128
github.com/eezz10001/ego/task/ecron/config.go:39.30,57.2 1 20
github.com/eezz10001/ego/task/ecron/container.go:21.36,26.2 1 19
github.com/eezz10001/ego/task/ecron/container.go:29.34,31.58 2 19
github.com/eezz10001/ego/task/ecron/container.go:35.2,38.10 4 19
github.com/eezz10001/ego/task/ecron/container.go:31.58,34.3 2 0
github.com/eezz10001/ego/task/ecron/container.go:42.57,43.33 1 19
github.com/eezz10001/ego/task/ecron/container.go:47.2,47.28 1 19
github.com/eezz10001/ego/task/ecron/container.go:51.2,51.32 1 19
github.com/eezz10001/ego/task/ecron/container.go:61.2,61.60 1 19
github.com/eezz10001/ego/task/ecron/container.go:65.2,66.16 2 19
github.com/eezz10001/ego/task/ecron/container.go:70.2,70.49 1 19
github.com/eezz10001/ego/task/ecron/container.go:43.33,45.3 1 33
github.com/eezz10001/ego/task/ecron/container.go:47.28,49.3 1 10
github.com/eezz10001/ego/task/ecron/container.go:52.14,53.78 1 19
github.com/eezz10001/ego/task/ecron/container.go:54.15,55.79 1 0
github.com/eezz10001/ego/task/ecron/container.go:56.20,56.20 0 0
github.com/eezz10001/ego/task/ecron/container.go:57.10,58.78 1 0
github.com/eezz10001/ego/task/ecron/container.go:61.60,63.3 1 0
github.com/eezz10001/ego/task/ecron/container.go:66.16,68.3 1 0
github.com/eezz10001/ego/task/ecron/lock.go:26.71,33.2 5 10
github.com/eezz10001/ego/task/ecron/lock.go:35.54,39.14 3 10
github.com/eezz10001/ego/task/ecron/lock.go:43.2,43.12 1 0
github.com/eezz10001/ego/task/ecron/lock.go:39.14,42.3 2 0
github.com/eezz10001/ego/task/ecron/lock.go:46.74,48.2 1 2
github.com/eezz10001/ego/task/ecron/options.go:15.61,16.25 1 0
github.com/eezz10001/ego/task/ecron/options.go:16.25,18.30 2 0
github.com/eezz10001/ego/task/ecron/options.go:18.30,22.51 4 0
github.com/eezz10001/ego/task/ecron/options.go:25.4,25.11 1 0
github.com/eezz10001/ego/task/ecron/options.go:22.51,24.5 1 0
github.com/eezz10001/ego/task/ecron/options.go:32.60,35.25 3 19
github.com/eezz10001/ego/task/ecron/options.go:35.25,36.30 1 3
github.com/eezz10001/ego/task/ecron/options.go:36.30,37.11 1 7
github.com/eezz10001/ego/task/ecron/options.go:38.19,40.12 2 7
github.com/eezz10001/ego/task/ecron/options.go:41.12,42.29 1 0
github.com/eezz10001/ego/task/ecron/options.go:52.33,53.28 1 11
github.com/eezz10001/ego/task/ecron/options.go:53.28,55.3 1 11
github.com/eezz10001/ego/task/ecron/options.go:59.50,60.28 1 1
github.com/eezz10001/ego/task/ecron/options.go:60.28,61.31 1 1
github.com/eezz10001/ego/task/ecron/options.go:64.3,64.61 1 1
github.com/eezz10001/ego/task/ecron/options.go:61.31,63.4 1 0
github.com/eezz10001/ego/task/ecron/options.go:69.34,70.28 1 11
github.com/eezz10001/ego/task/ecron/options.go:70.28,72.3 1 11
github.com/eezz10001/ego/task/ecron/options.go:76.27,77.28 1 1
github.com/eezz10001/ego/task/ecron/options.go:77.28,79.3 1 1
github.com/eezz10001/ego/task/ecron/options.go:83.39,84.28 1 11
github.com/eezz10001/ego/task/ecron/options.go:84.28,86.3 1 11
github.com/eezz10001/ego/task/ecron/options.go:90.46,91.28 1 1
github.com/eezz10001/ego/task/ecron/options.go:91.28,93.3 1 1
github.com/eezz10001/ego/task/ecron/scheduler.go:16.71,17.53 1 9
github.com/eezz10001/ego/task/ecron/scheduler.go:21.2,21.31 1 7
github.com/eezz10001/ego/task/ecron/scheduler.go:17.53,19.3 1 2
github.com/eezz10001/ego/task/ecron/wrappedjob.go:25.28,27.2 1 7
github.com/eezz10001/ego/task/ecron/wrappedjob.go:29.28,39.39 6 7
github.com/eezz10001/ego/task/ecron/wrappedjob.go:43.2,45.15 3 7
github.com/eezz10001/ego/task/ecron/wrappedjob.go:68.2,69.16 2 7
github.com/eezz10001/ego/task/ecron/wrappedjob.go:39.39,41.3 1 0
github.com/eezz10001/ego/task/ecron/wrappedjob.go:45.15,47.35 2 7
github.com/eezz10001/ego/task/ecron/wrappedjob.go:59.3,59.17 1 7
github.com/eezz10001/ego/task/ecron/wrappedjob.go:65.3,65.83 1 7
github.com/eezz10001/ego/task/ecron/wrappedjob.go:47.35,48.29 1 0
github.com/eezz10001/ego/task/ecron/wrappedjob.go:55.4,57.68 3 0
github.com/eezz10001/ego/task/ecron/wrappedjob.go:49.15,50.14 1 0
github.com/eezz10001/ego/task/ecron/wrappedjob.go:51.12,52.32 1 0
github.com/eezz10001/ego/task/ecron/wrappedjob.go:59.17,62.4 2 0
github.com/eezz10001/ego/task/ecron/wrappedjob.go:62.9,64.4 1 7
github.com/eezz10001/ego/task/ecron/wrappedjob.go:69.16,72.3 2 0
github.com/eezz10001/ego/task/ecron/wrappedlogger.go:12.73,14.2 1 38
github.com/eezz10001/ego/task/ecron/wrappedlogger.go:17.85,19.2 1 0
github.com/eezz10001/ego/task/ecron/component.go:45.49,47.2 1 7
github.com/eezz10001/ego/task/ecron/component.go:50.32,50.66 1 30
github.com/eezz10001/ego/task/ecron/component.go:60.83,72.2 1 19
github.com/eezz10001/ego/task/ecron/component.go:75.35,77.2 1 1
github.com/eezz10001/ego/task/ecron/component.go:80.42,82.2 1 1
github.com/eezz10001/ego/task/ecron/component.go:85.34,87.2 1 1
github.com/eezz10001/ego/task/ecron/component.go:90.35,91.22 1 11
github.com/eezz10001/ego/task/ecron/component.go:95.2,95.36 1 11
github.com/eezz10001/ego/task/ecron/component.go:104.2,105.12 2 11
github.com/eezz10001/ego/task/ecron/component.go:91.22,93.3 1 0
github.com/eezz10001/ego/task/ecron/component.go:95.36,97.3 1 10
github.com/eezz10001/ego/task/ecron/component.go:97.8,99.17 2 1
github.com/eezz10001/ego/task/ecron/component.go:99.17,101.4 1 0
github.com/eezz10001/ego/task/ecron/component.go:109.34,111.36 2 11
github.com/eezz10001/ego/task/ecron/component.go:120.2,120.12 1 1
github.com/eezz10001/ego/task/ecron/component.go:111.36,115.17 4 10
github.com/eezz10001/ego/task/ecron/component.go:115.17,118.4 2 0
github.com/eezz10001/ego/task/ecron/component.go:123.71,124.35 1 2
github.com/eezz10001/ego/task/ecron/component.go:129.2,135.44 3 2
github.com/eezz10001/ego/task/ecron/component.go:124.35,128.3 1 2
github.com/eezz10001/ego/task/ecron/component.go:138.72,140.16 2 2
github.com/eezz10001/ego/task/ecron/component.go:143.2,143.39 1 2
github.com/eezz10001/ego/task/ecron/component.go:140.16,142.3 1 0
github.com/eezz10001/ego/task/ecron/component.go:146.43,148.2 1 0
github.com/eezz10001/ego/task/ecron/component.go:150.44,151.6 1 10
github.com/eezz10001/ego/task/ecron/component.go:151.6,152.10 1 10
github.com/eezz10001/ego/task/ecron/component.go:152.10,158.18 5 10
github.com/eezz10001/ego/task/ecron/component.go:163.4,166.18 3 1
github.com/eezz10001/ego/task/ecron/component.go:171.4,172.18 2 1
github.com/eezz10001/ego/task/ecron/component.go:176.4,176.24 1 0
github.com/eezz10001/ego/task/ecron/component.go:158.18,161.5 2 0
github.com/eezz10001/ego/task/ecron/component.go:166.18,169.5 2 0
github.com/eezz10001/ego/task/ecron/component.go:172.18,174.5 1 0
github.com/eezz10001/ego/task/ecron/component.go:181.43,182.6 1 1
github.com/eezz10001/ego/task/ecron/component.go:182.6,186.17 4 2
github.com/eezz10001/ego/task/ecron/component.go:191.3,191.34 1 2
github.com/eezz10001/ego/task/ecron/component.go:186.17,189.4 2 0
github.com/eezz10001/ego/task/ecron/component.go:195.45,197.16 2 1
github.com/eezz10001/ego/task/ecron/component.go:201.2,202.12 2 1
github.com/eezz10001/ego/task/ecron/component.go:197.16,199.3 1 0
github.com/eezz10001/ego/server/egrpc/component.go:34.83,35.34 1 11
github.com/eezz10001/ego/server/egrpc/component.go:39.2,51.3 4 11
github.com/eezz10001/ego/server/egrpc/component.go:35.34,38.3 1 0
github.com/eezz10001/ego/server/egrpc/component.go:55.35,57.2 1 1
github.com/eezz10001/ego/server/egrpc/component.go:60.42,62.2 1 1
github.com/eezz10001/ego/server/egrpc/component.go:65.34,71.34 2 5
github.com/eezz10001/ego/server/egrpc/component.go:77.2,78.16 2 2
github.com/eezz10001/ego/server/egrpc/component.go:81.2,90.12 5 2
github.com/eezz10001/ego/server/egrpc/component.go:71.34,75.3 3 3
github.com/eezz10001/ego/server/egrpc/component.go:78.16,80.3 1 0
github.com/eezz10001/ego/server/egrpc/component.go:94.35,97.2 2 5
github.com/eezz10001/ego/server/egrpc/component.go:101.34,104.2 2 2
github.com/eezz10001/ego/server/egrpc/component.go:108.61,109.12 1 0
github.com/eezz10001/ego/server/egrpc/component.go:114.2,114.6 1 0
github.com/eezz10001/ego/server/egrpc/component.go:109.12,112.3 2 0
github.com/eezz10001/ego/server/egrpc/component.go:114.6,115.10 1 0
github.com/eezz10001/ego/server/egrpc/component.go:116.21,117.20 1 0
github.com/eezz10001/ego/server/egrpc/component.go:118.17,119.14 1 0
github.com/eezz10001/ego/server/egrpc/component.go:125.48,127.2 1 1
github.com/eezz10001/ego/server/egrpc/component.go:130.38,132.2 1 3
github.com/eezz10001/ego/server/egrpc/component.go:135.45,137.2 1 3
github.com/eezz10001/ego/server/egrpc/config.go:36.30,53.2 1 11
github.com/eezz10001/ego/server/egrpc/config.go:56.39,58.30 1 6
github.com/eezz10001/ego/server/egrpc/config.go:61.2,61.55 1 6
github.com/eezz10001/ego/server/egrpc/config.go:58.30,60.3 1 0
github.com/eezz10001/ego/server/egrpc/container.go:18.36,23.2 1 10
github.com/eezz10001/ego/server/egrpc/container.go:26.34,29.59 3 5
github.com/eezz10001/ego/server/egrpc/container.go:33.2,38.32 2 5
github.com/eezz10001/ego/server/egrpc/container.go:45.2,46.10 2 5
github.com/eezz10001/ego/server/egrpc/container.go:29.59,32.3 2 0
github.com/eezz10001/ego/server/egrpc/container.go:38.32,40.17 2 0
github.com/eezz10001/ego/server/egrpc/container.go:43.3,43.23 1 0
github.com/eezz10001/ego/server/egrpc/container.go:40.17,42.4 1 0
github.com/eezz10001/ego/server/egrpc/container.go:50.57,54.37 3 10
github.com/eezz10001/ego/server/egrpc/container.go:62.2,62.38 1 10
github.com/eezz10001/ego/server/egrpc/container.go:67.2,67.33 1 10
github.com/eezz10001/ego/server/egrpc/container.go:71.2,86.49 4 10
github.com/eezz10001/ego/server/egrpc/container.go:54.37,57.3 2 10
github.com/eezz10001/ego/server/egrpc/container.go:57.8,60.3 2 0
github.com/eezz10001/ego/server/egrpc/container.go:62.38,65.3 2 10
github.com/eezz10001/ego/server/egrpc/container.go:67.33,69.3 1 31
github.com/eezz10001/ego/server/egrpc/interceptor.go:34.153,46.2 8 3
github.com/eezz10001/ego/server/egrpc/interceptor.go:48.142,57.2 8 0
github.com/eezz10001/ego/server/egrpc/interceptor.go:59.64,65.138 3 10
github.com/eezz10001/ego/server/egrpc/interceptor.go:65.138,67.10 2 3
github.com/eezz10001/ego/server/egrpc/interceptor.go:71.3,78.16 4 3
github.com/eezz10001/ego/server/egrpc/interceptor.go:90.3,90.27 1 3
github.com/eezz10001/ego/server/egrpc/interceptor.go:67.10,69.4 1 0
github.com/eezz10001/ego/server/egrpc/interceptor.go:78.16,79.18 1 3
github.com/eezz10001/ego/server/egrpc/interceptor.go:88.4,88.14 1 3
github.com/eezz10001/ego/server/egrpc/interceptor.go:79.18,81.46 2 0
github.com/eezz10001/ego/server/egrpc/interceptor.go:84.5,84.45 1 0
github.com/eezz10001/ego/server/egrpc/interceptor.go:81.46,83.6 1 0
github.com/eezz10001/ego/server/egrpc/interceptor.go:85.10,87.5 1 3
github.com/eezz10001/ego/server/egrpc/interceptor.go:102.64,105.16 2 0
github.com/eezz10001/ego/server/egrpc/interceptor.go:110.2,110.12 1 0
github.com/eezz10001/ego/server/egrpc/interceptor.go:105.16,108.3 2 0
github.com/eezz10001/ego/server/egrpc/interceptor.go:113.64,120.2 4 0
github.com/eezz10001/ego/server/egrpc/interceptor.go:123.61,125.2 1 0
github.com/eezz10001/ego/server/egrpc/interceptor.go:127.66,133.116 3 10
github.com/eezz10001/ego/server/egrpc/interceptor.go:133.116,135.10 2 0
github.com/eezz10001/ego/server/egrpc/interceptor.go:139.3,152.17 6 0
github.com/eezz10001/ego/server/egrpc/interceptor.go:161.3,161.13 1 0
github.com/eezz10001/ego/server/egrpc/interceptor.go:135.10,137.4 1 0
github.com/eezz10001/ego/server/egrpc/interceptor.go:152.17,154.45 2 0
github.com/eezz10001/ego/server/egrpc/interceptor.go:157.4,157.44 1 0
github.com/eezz10001/ego/server/egrpc/interceptor.go:154.45,156.5 1 0
github.com/eezz10001/ego/server/egrpc/interceptor.go:158.9,160.4 1 0
github.com/eezz10001/ego/server/egrpc/interceptor.go:165.83,166.126 1 10
github.com/eezz10001/ego/server/egrpc/interceptor.go:166.126,170.16 4 0
github.com/eezz10001/ego/server/egrpc/interceptor.go:216.3,216.30 1 0
github.com/eezz10001/ego/server/egrpc/interceptor.go:170.16,172.36 2 0
github.com/eezz10001/ego/server/egrpc/interceptor.go:184.4,198.88 4 0
github.com/eezz10001/ego/server/egrpc/interceptor.go:202.4,202.18 1 0
github.com/eezz10001/ego/server/egrpc/interceptor.go:214.4,214.38 1 0
github.com/eezz10001/ego/server/egrpc/interceptor.go:172.36,173.30 1 0
github.com/eezz10001/ego/server/egrpc/interceptor.go:179.5,182.22 4 0
github.com/eezz10001/ego/server/egrpc/interceptor.go:174.16,175.15 1 0
github.com/eezz10001/ego/server/egrpc/interceptor.go:176.13,177.33 1 0
github.com/eezz10001/ego/server/egrpc/interceptor.go:198.88,200.5 1 0
github.com/eezz10001/ego/server/egrpc/interceptor.go:202.18,205.57 2 0
github.com/eezz10001/ego/server/egrpc/interceptor.go:212.5,212.11 1 0
github.com/eezz10001/ego/server/egrpc/interceptor.go:205.57,208.6 1 0
github.com/eezz10001/ego/server/egrpc/interceptor.go:208.11,211.6 1 0
github.com/eezz10001/ego/server/egrpc/interceptor.go:220.81,221.136 1 10
github.com/eezz10001/ego/server/egrpc/interceptor.go:221.136,223.88 1 3
github.com/eezz10001/ego/server/egrpc/interceptor.go:227.3,234.34 5 3
github.com/eezz10001/ego/server/egrpc/interceptor.go:241.3,241.16 1 3
github.com/eezz10001/ego/server/egrpc/interceptor.go:329.3,329.26 1 3
github.com/eezz10001/ego/server/egrpc/interceptor.go:341.3,341.27 1 3
github.com/eezz10001/ego/server/egrpc/interceptor.go:223.88,225.4 1 0
github.com/eezz10001/ego/server/egrpc/interceptor.go:234.34,235.61 1 3
github.com/eezz10001/ego/server/egrpc/interceptor.go:235.61,237.5 1 0
github.com/eezz10001/ego/server/egrpc/interceptor.go:241.16,243.36 2 3
github.com/eezz10001/ego/server/egrpc/interceptor.go:257.4,258.88 2 3
github.com/eezz10001/ego/server/egrpc/interceptor.go:263.4,263.66 1 3
github.com/eezz10001/ego/server/egrpc/interceptor.go:267.4,282.35 4 3
github.com/eezz10001/ego/server/egrpc/interceptor.go:288.4,288.76 1 3
github.com/eezz10001/ego/server/egrpc/interceptor.go:292.4,292.43 1 3
github.com/eezz10001/ego/server/egrpc/interceptor.go:301.4,301.43 1 3
github.com/eezz10001/ego/server/egrpc/interceptor.go:307.4,307.14 1 3
github.com/eezz10001/ego/server/egrpc/interceptor.go:311.4,311.18 1 3
github.com/eezz10001/ego/server/egrpc/interceptor.go:324.4,324.40 1 3
github.com/eezz10001/ego/server/egrpc/interceptor.go:243.36,244.34 1 0
github.com/eezz10001/ego/server/egrpc/interceptor.go:251.5,254.22 4 0
github.com/eezz10001/ego/server/egrpc/interceptor.go:245.16,246.19 1 0
github.com/eezz10001/ego/server/egrpc/interceptor.go:247.13,248.33 1 0
github.com/eezz10001/ego/server/egrpc/interceptor.go:258.88,260.5 1 0
github.com/eezz10001/ego/server/egrpc/interceptor.go:263.66,265.5 1 0
github.com/eezz10001/ego/server/egrpc/interceptor.go:282.35,283.59 1 3
github.com/eezz10001/ego/server/egrpc/interceptor.go:283.59,285.6 1 0
github.com/eezz10001/ego/server/egrpc/interceptor.go:288.76,290.5 1 0
github.com/eezz10001/ego/server/egrpc/interceptor.go:292.43,296.56 2 0
github.com/eezz10001/ego/server/egrpc/interceptor.go:299.5,299.53 1 0
github.com/eezz10001/ego/server/egrpc/interceptor.go:296.56,298.6 1 0
github.com/eezz10001/ego/server/egrpc/interceptor.go:301.43,305.5 1 0
github.com/eezz10001/ego/server/egrpc/interceptor.go:307.14,309.5 1 0
github.com/eezz10001/ego/server/egrpc/interceptor.go:311.18,314.57 2 0
github.com/eezz10001/ego/server/egrpc/interceptor.go:321.5,321.11 1 0
github.com/eezz10001/ego/server/egrpc/interceptor.go:314.57,317.6 1 0
github.com/eezz10001/ego/server/egrpc/interceptor.go:317.11,320.6 1 0
github.com/eezz10001/ego/server/egrpc/interceptor.go:324.40,326.5 1 3
github.com/eezz10001/ego/server/egrpc/interceptor.go:329.26,332.22 3 0
github.com/eezz10001/ego/server/egrpc/interceptor.go:332.22,336.19 3 0
github.com/eezz10001/ego/server/egrpc/interceptor.go:336.19,338.6 1 0
github.com/eezz10001/ego/server/egrpc/interceptor.go:346.47,348.2 1 6
github.com/eezz10001/ego/server/egrpc/interceptor.go:351.46,353.2 1 17
github.com/eezz10001/ego/server/egrpc/interceptor.go:356.44,358.20 2 7
github.com/eezz10001/ego/server/egrpc/interceptor.go:363.2,364.10 2 6
github.com/eezz10001/ego/server/egrpc/interceptor.go:367.2,367.30 1 6
github.com/eezz10001/ego/server/egrpc/interceptor.go:370.2,371.23 2 6
github.com/eezz10001/ego/server/egrpc/interceptor.go:374.2,374.11 1 6
[...]
github.com/eezz10001/ego/core/elog/rotate_buffer_syncer.go:26.34,26.48 1 1
github.com/eezz10001/ego/core/elog/rotate_buffer_syncer.go:31.126,32.43 1 3
github.com/eezz10001/ego/core/elog/rotate_buffer_syncer.go:37.2,39.21 2 3
github.com/eezz10001/ego/core/elog/rotate_buffer_syncer.go:43.2,43.24 1 3
github.com/eezz10001/ego/core/elog/rotate_buffer_syncer.go:47.2,56.12 3 3
github.com/eezz10001/ego/core/elog/rotate_buffer_syncer.go:70.2,70.28 1 3
github.com/eezz10001/ego/core/elog/rotate_buffer_syncer.go:75.2,75.22 1 3
github.com/eezz10001/ego/core/elog/rotate_buffer_syncer.go:32.43,34.27 1 0
github.com/eezz10001/ego/core/elog/rotate_buffer_syncer.go:34.27,34.41 1 0
github.com/eezz10001/ego/core/elog/rotate_buffer_syncer.go:39.21,41.3 1 0
github.com/eezz10001/ego/core/elog/rotate_buffer_syncer.go:43.24,45.3 1 0
github.com/eezz10001/ego/core/elog/rotate_buffer_syncer.go:56.12,58.7 2 3
github.com/eezz10001/ego/core/elog/rotate_buffer_syncer.go:58.7,59.11 1 9
github.com/eezz10001/ego/core/elog/rotate_buffer_syncer.go:60.20,63.18 1 6
github.com/eezz10001/ego/core/elog/rotate_buffer_syncer.go:64.22,65.11 1 0
github.com/eezz10001/ego/core/elog/rotate_buffer_syncer.go:70.28,73.3 2 0
github.com/eezz10001/ego/core/elog/rotate_buffer_syncer.go:79.60,89.75 3 1000000
github.com/eezz10001/ego/core/elog/rotate_buffer_syncer.go:95.2,95.33 1 1000000
github.com/eezz10001/ego/core/elog/rotate_buffer_syncer.go:89.75,90.48 1 387
github.com/eezz10001/ego/core/elog/rotate_buffer_syncer.go:90.48,92.4 1 0
github.com/eezz10001/ego/core/elog/rotate_buffer_syncer.go:99.43,105.2 3 16
github.com/eezz10001/ego/server/egin/component.go:41.83,52.28 3 14
github.com/eezz10001/ego/server/egin/component.go:60.2,61.13 2 14
github.com/eezz10001/ego/server/egin/component.go:52.28,57.3 1 0
github.com/eezz10001/ego/server/egin/component.go:65.35,67.2 1 1
github.com/eezz10001/ego/server/egin/component.go:70.42,72.2 1 1
github.com/eezz10001/ego/server/egin/component.go:75.34,77.33 2 4
github.com/eezz10001/ego/server/egin/component.go:85.2,86.12 2 4
github.com/eezz10001/ego/server/egin/component.go:77.33,79.3 1 2
github.com/eezz10001/ego/server/egin/component.go:79.8,81.17 2 2
github.com/eezz10001/ego/server/egin/component.go:81.17,83.4 1 0
github.com/eezz10001/ego/server/egin/component.go:90.72,92.2 1 0
github.com/eezz10001/ego/server/egin/component.go:95.35,96.42 1 4
github.com/eezz10001/ego/server/egin/component.go:107.2,118.24 5 4
github.com/eezz10001/ego/server/egin/component.go:128.2,128.33 1 2
github.com/eezz10001/ego/server/egin/component.go:131.2,131.12 1 0
github.com/eezz10001/ego/server/egin/component.go:96.42,99.11 2 4
github.com/eezz10001/ego/server/egin/component.go:99.11,101.4 1 0
github.com/eezz10001/ego/server/egin/component.go:101.9,103.4 1 4
github.com/eezz10001/ego/server/egin/component.go:118.24,120.20 2 1
github.com/eezz10001/ego/server/egin/component.go:123.3,124.46 2 1
github.com/eezz10001/ego/server/egin/component.go:120.20,122.4 1 0
github.com/eezz10001/ego/server/egin/component.go:125.8,127.3 1 3
github.com/eezz10001/ego/server/egin/component.go:128.33,130.3 1 2
github.com/eezz10001/ego/server/egin/component.go:136.34,141.2 4 2
github.com/eezz10001/ego/server/egin/component.go:145.61,150.2 4 0
github.com/eezz10001/ego/server/egin/component.go:153.48,160.2 2 1
github.com/eezz10001/ego/server/egin/component.go:162.49,164.2 1 4
github.com/eezz10001/ego/server/egin/component.go:166.59,169.16 3 1
github.com/eezz10001/ego/server/egin/component.go:172.2,177.27 6 1
github.com/eezz10001/ego/server/egin/component.go:187.2,187.23 1 1
github.com/eezz10001/ego/server/egin/component.go:169.16,171.3 1 0
github.com/eezz10001/ego/server/egin/component.go:177.27,180.17 3 1
github.com/eezz10001/ego/server/egin/component.go:183.3,183.50 1 1
github.com/eezz10001/ego/server/egin/component.go:180.17,182.4 1 0
github.com/eezz10001/ego/server/egin/component.go:183.50,185.4 1 0
github.com/eezz10001/ego/server/egin/component.go:191.51,193.2 1 0
github.com/eezz10001/ego/server/egin/component.go:196.53,198.2 1 0
github.com/eezz10001/ego/server/egin/component.go:201.45,203.2 1 3
github.com/eezz10001/ego/server/egin/component.go:212.59,213.81 1 0
github.com/eezz10001/ego/server/egin/component.go:216.2,218.18 3 0
github.com/eezz10001/ego/server/egin/component.go:213.81,215.3 1 0
github.com/eezz10001/ego/server/egin/component.go:221.38,223.16 2 2
github.com/eezz10001/ego/server/egin/component.go:228.2,228.10 1 2
github.com/eezz10001/ego/server/egin/component.go:223.16,224.57 1 0
github.com/eezz10001/ego/server/egin/component.go:224.57,225.71 1 0
github.com/eezz10001/ego/server/egin/component_websocket.go:11.95,12.45 1 0
github.com/eezz10001/ego/server/egin/component_websocket.go:12.45,14.3 1 0
github.com/eezz10001/ego/server/egin/component_websocket.go:18.72,21.41 2 0
github.com/eezz10001/ego/server/egin/component_websocket.go:27.2,30.27 2 0
github.com/eezz10001/ego/server/egin/component_websocket.go:33.2,33.11 1 0
github.com/eezz10001/ego/server/egin/component_websocket.go:21.41,22.53 1 0
github.com/eezz10001/ego/server/egin/component_websocket.go:22.53,24.4 1 0
github.com/eezz10001/ego/server/egin/component_websocket.go:30.27,32.3 1 0
github.com/eezz10001/ego/server/egin/component_websocket.go:42.109,45.16 2 0
github.com/eezz10001/ego/server/egin/component_websocket.go:48.2,52.22 2 0
github.com/eezz10001/ego/server/egin/component_websocket.go:45.16,47.3 1 0
github.com/eezz10001/ego/server/egin/config.go:59.30,72.2 1 14
github.com/eezz10001/ego/server/egin/config.go:75.40,77.2 1 7
github.com/eezz10001/ego/server/egin/config.go:80.59,81.30 1 1
github.com/eezz10001/ego/server/egin/config.go:82.22,83.26 1 0
github.com/eezz10001/ego/server/egin/config.go:84.27,85.31 1 0
github.com/eezz10001/ego/server/egin/config.go:86.30,87.34 1 0
github.com/eezz10001/ego/server/egin/config.go:88.33,89.37 1 0
github.com/eezz10001/ego/server/egin/config.go:90.36,91.40 1 1
github.com/eezz10001/ego/server/egin/config.go:92.10,93.26 1 0
github.com/eezz10001/ego/server/egin/container.go:25.36,30.2 1 13
github.com/eezz10001/ego/server/egin/container.go:33.34,36.59 3 0
github.com/eezz10001/ego/server/egin/container.go:40.2,42.46 3 0
github.com/eezz10001/ego/server/egin/container.go:46.2,46.32 1 0
github.com/eezz10001/ego/server/egin/container.go:53.2,54.10 2 0
github.com/eezz10001/ego/server/egin/container.go:36.59,39.3 2 0
github.com/eezz10001/ego/server/egin/container.go:42.46,44.3 1 0
github.com/eezz10001/ego/server/egin/container.go:46.32,48.17 2 0
github.com/eezz10001/ego/server/egin/container.go:51.3,51.23 1 0
github.com/eezz10001/ego/server/egin/container.go:48.17,50.4 1 0
github.com/eezz10001/ego/server/egin/container.go:59.13,73.16 3 1
github.com/eezz10001/ego/server/egin/container.go:73.16,75.3 1 0
github.com/eezz10001/ego/server/egin/container.go:78.47,79.50 1 0
github.com/eezz10001/ego/server/egin/container.go:92.2,93.12 2 0
github.com/eezz10001/ego/server/egin/container.go:79.50,82.23 3 0
github.com/eezz10001/ego/server/egin/container.go:85.3,86.17 2 0
github.com/eezz10001/ego/server/egin/container.go:89.3,90.13 2 0
github.com/eezz10001/ego/server/egin/container.go:82.23,84.4 1 0
github.com/eezz10001/ego/server/egin/container.go:86.17,88.4 1 0
github.com/eezz10001/ego/server/egin/container.go:97.57,98.33 1 13
github.com/eezz10001/ego/server/egin/container.go:101.2,104.33 4 13
github.com/eezz10001/ego/server/egin/container.go:107.2,107.38 1 13
github.com/eezz10001/ego/server/egin/container.go:111.2,111.74 1 13
github.com/eezz10001/ego/server/egin/container.go:115.2,115.29 1 13
github.com/eezz10001/ego/server/egin/container.go:118.2,118.52 1 13
github.com/eezz10001/ego/server/egin/container.go:132.2,132.15 1 13
github.com/eezz10001/ego/server/egin/container.go:98.33,100.3 1 14
github.com/eezz10001/ego/server/egin/container.go:104.33,106.3 1 1
github.com/eezz10001/ego/server/egin/container.go:107.38,109.3 1 13
github.com/eezz10001/ego/server/egin/container.go:111.74,113.3 1 0
github.com/eezz10001/ego/server/egin/container.go:115.29,117.3 1 0
github.com/eezz10001/ego/server/egin/container.go:118.52,123.94 5 0
github.com/eezz10001/ego/server/egin/container.go:129.3,129.23 1 0
github.com/eezz10001/ego/server/egin/container.go:123.94,125.48 2 0
github.com/eezz10001/ego/server/egin/container.go:125.48,127.5 1 0
github.com/eezz10001/ego/server/egin/grpc_proxy.go:39.13,43.2 3 1
github.com/eezz10001/ego/server/egin/grpc_proxy.go:46.68,49.14 3 0
github.com/eezz10001/ego/server/egin/grpc_proxy.go:52.2,52.8 1 0
github.com/eezz10001/ego/server/egin/grpc_proxy.go:57.2,57.30 1 0
github.com/eezz10001/ego/server/egin/grpc_proxy.go:49.14,51.3 1 0
github.com/eezz10001/ego/server/egin/grpc_proxy.go:52.8,53.50 1 0
github.com/eezz10001/ego/server/egin/grpc_proxy.go:53.50,55.4 1 0
github.com/eezz10001/ego/server/egin/grpc_proxy.go:61.73,65.36 4 1
github.com/eezz10001/ego/server/egin/grpc_proxy.go:70.2,70.63 1 1
github.com/eezz10001/ego/server/egin/grpc_proxy.go:78.2,81.24 3 1
github.com/eezz10001/ego/server/egin/grpc_proxy.go:65.36,68.3 2 0
github.com/eezz10001/ego/server/egin/grpc_proxy.go:70.63,76.3 5 0
github.com/eezz10001/ego/server/egin/grpc_proxy.go:85.47,87.30 2 1
github.com/eezz10001/ego/server/egin/grpc_proxy.go:90.2,90.30 1 1
github.com/eezz10001/ego/server/egin/grpc_proxy.go:87.30,88.47 1 0
github.com/eezz10001/ego/server/egin/grpc_proxy.go:90.30,92.41 2 1
github.com/eezz10001/ego/server/egin/grpc_proxy.go:95.3,95.37 1 1
github.com/eezz10001/ego/server/egin/grpc_proxy.go:100.3,101.39 2 1
github.com/eezz10001/ego/server/egin/grpc_proxy.go:109.3,114.17 6 1
github.com/eezz10001/ego/server/egin/grpc_proxy.go:119.3,119.19 1 1
github.com/eezz10001/ego/server/egin/grpc_proxy.go:124.3,125.36 2 1
github.com/eezz10001/ego/server/egin/grpc_proxy.go:135.3,135.22 1 1
github.com/eezz10001/ego/server/egin/grpc_proxy.go:141.3,142.32 2 1
github.com/eezz10001/ego/server/egin/grpc_proxy.go:92.41,94.4 1 0
github.com/eezz10001/ego/server/egin/grpc_proxy.go:95.37,99.4 3 0
github.com/eezz10001/ego/server/egin/grpc_proxy.go:101.39,102.25 1 0
github.com/eezz10001/ego/server/egin/grpc_proxy.go:102.25,103.55 1 0
github.com/eezz10001/ego/server/egin/grpc_proxy.go:106.5,106.29 1 0
github.com/eezz10001/ego/server/egin/grpc_proxy.go:103.55,105.6 1 0
github.com/eezz10001/ego/server/egin/grpc_proxy.go:114.17,118.4 3 0
github.com/eezz10001/ego/server/egin/grpc_proxy.go:119.19,123.4 3 0
github.com/eezz10001/ego/server/egin/grpc_proxy.go:125.36,126.45 1 0
github.com/eezz10001/ego/server/egin/grpc_proxy.go:131.4,133.10 3 0
github.com/eezz10001/ego/server/egin/grpc_proxy.go:126.45,130.5 3 0
github.com/eezz10001/ego/server/egin/grpc_proxy.go:135.22,139.4 3 0
github.com/eezz10001/ego/server/egin/grpc_proxy.go:151.47,152.16 1 1
github.com/eezz10001/ego/server/egin/grpc_proxy.go:155.2,155.45 1 1
github.com/eezz10001/ego/server/egin/grpc_proxy.go:152.16,154.3 1 0
github.com/eezz10001/ego/server/egin/grpc_proxy.go:158.52,160.13 2 1
github.com/eezz10001/ego/server/egin/grpc_proxy.go:163.2,164.16 2 1
github.com/eezz10001/ego/server/egin/grpc_proxy.go:168.2,174.9 1 1
github.com/eezz10001/ego/server/egin/grpc_proxy.go:160.13,162.3 1 0
github.com/eezz10001/ego/server/egin/grpc_proxy.go:164.16,166.3 1 0
github.com/eezz10001/ego/server/egin/grpc_proxy.go:177.54,179.2 1 6
github.com/eezz10001/ego/server/egin/interceptor.go:45.42,47.2 1 7
github.com/eezz10001/ego/server/egin/interceptor.go:54.53,56.14 2 0
github.com/eezz10001/ego/server/egin/interceptor.go:59.2,59.37 1 0
github.com/eezz10001/ego/server/egin/interceptor.go:56.14,58.3 1 0
github.com/eezz10001/ego/server/egin/interceptor.go:62.56,64.14 2 0
github.com/eezz10001/ego/server/egin/interceptor.go:67.2,67.40 1 0
github.com/eezz10001/ego/server/egin/interceptor.go:64.14,66.3 1 0
github.com/eezz10001/ego/server/egin/interceptor.go:70.51,72.28 2 0
github.com/eezz10001/ego/server/egin/interceptor.go:75.2,75.11 1 0
github.com/eezz10001/ego/server/egin/interceptor.go:72.28,74.3 1 0
github.com/eezz10001/ego/server/egin/interceptor.go:79.68,80.30 1 1
github.com/eezz10001/ego/server/egin/interceptor.go:80.30,83.9 2 2
github.com/eezz10001/ego/server/egin/interceptor.go:89.3,90.16 2 2
github.com/eezz10001/ego/server/egin/interceptor.go:104.3,105.11 2 2
github.com/eezz10001/ego/server/egin/interceptor.go:83.9,86.4 2 0
github.com/eezz10001/ego/server/egin/interceptor.go:90.16,92.45 1 1
github.com/eezz10001/ego/server/egin/interceptor.go:100.4,100.12 1 1
github.com/eezz10001/ego/server/egin/interceptor.go:92.45,97.5 2 1
github.com/eezz10001/ego/server/egin/interceptor.go:110.64,112.32 1 18
github.com/eezz10001/ego/server/egin/interceptor.go:112.32,120.90 5 12
github.com/eezz10001/ego/server/egin/interceptor.go:124.3,124.90 1 12
github.com/eezz10001/ego/server/egin/interceptor.go:128.3,137.34 6 12
github.com/eezz10001/ego/server/egin/interceptor.go:142.3,142.16 1 12
github.com/eezz10001/ego/server/egin/interceptor.go:227.3,227.13 1 12
github.com/eezz10001/ego/server/egin/interceptor.go:120.90,122.4 1 0
github.com/eezz10001/ego/server/egin/interceptor.go:124.90,127.4 2 0
github.com/eezz10001/ego/server/egin/interceptor.go:137.34,140.4 1 12
github.com/eezz10001/ego/server/egin/interceptor.go:142.16,154.35 3 10
github.com/eezz10001/ego/server/egin/interceptor.go:160.4,160.76 1 10
github.com/eezz10001/ego/server/egin/interceptor.go:164.4,165.82 2 10
github.com/eezz10001/ego/server/egin/interceptor.go:181.4,184.88 2 10
github.com/eezz10001/ego/server/egin/interceptor.go:188.4,188.36 1 10
github.com/eezz10001/ego/server/egin/interceptor.go:218.4,218.40 1 6
github.com/eezz10001/ego/server/egin/interceptor.go:154.35,155.77 1 10
github.com/eezz10001/ego/server/egin/interceptor.go:155.77,157.6 1 0
github.com/eezz10001/ego/server/egin/interceptor.go:160.76,162.5 1 0
github.com/eezz10001/ego/server/egin/interceptor.go:165.82,167.51 2 0
github.com/eezz10001/ego/server/egin/interceptor.go:174.5,174.51 1 0
github.com/eezz10001/ego/server/egin/interceptor.go:167.51,172.6 1 0
github.com/eezz10001/ego/server/egin/interceptor.go:174.51,179.6 1 0
github.com/eezz10001/ego/server/egin/interceptor.go:184.88,186.5 1 2
github.com/eezz10001/ego/server/egin/interceptor.go:188.36,189.41 1 4
github.com/eezz10001/ego/server/egin/interceptor.go:197.5,197.19 1 4
github.com/eezz10001/ego/server/egin/interceptor.go:205.5,215.11 5 4
github.com/eezz10001/ego/server/egin/interceptor.go:189.41,190.49 1 2
github.com/eezz10001/ego/server/egin/interceptor.go:190.49,191.148 1 2
github.com/eezz10001/ego/server/egin/interceptor.go:191.148,193.8 1 2
github.com/eezz10001/ego/server/egin/interceptor.go:197.19,201.6 2 2
github.com/eezz10001/ego/server/egin/interceptor.go:201.11,203.6 1 2
github.com/eezz10001/ego/server/egin/interceptor.go:218.40,225.5 2 6
github.com/eezz10001/ego/server/egin/interceptor.go:236.29,242.23 4 4
github.com/eezz10001/ego/server/egin/interceptor.go:259.2,259.20 1 4
github.com/eezz10001/ego/server/egin/interceptor.go:242.23,244.10 2 54
github.com/eezz10001/ego/server/egin/interceptor.go:248.3,249.23 2 50
github.com/eezz10001/ego/server/egin/interceptor.go:257.3,257.68 1 50
github.com/eezz10001/ego/server/egin/interceptor.go:244.10,245.9 1 4
github.com/eezz10001/ego/server/egin/interceptor.go:249.23,251.18 2 41
github.com/eezz10001/ego/server/egin/interceptor.go:254.4,255.19 2 41
github.com/eezz10001/ego/server/egin/interceptor.go:251.18,252.13 1 0
github.com/eezz10001/ego/server/egin/interceptor.go:263.43,265.30 2 50
github.com/eezz10001/ego/server/egin/interceptor.go:268.2,268.34 1 50
github.com/eezz10001/ego/server/egin/interceptor.go:265.30,267.3 1 0
github.com/eezz10001/ego/server/egin/interceptor.go:272.34,274.15 2 50
github.com/eezz10001/ego/server/egin/interceptor.go:277.2,286.63 2 50
github.com/eezz10001/ego/server/egin/interceptor.go:289.2,289.51 1 50
github.com/eezz10001/ego/server/egin/interceptor.go:292.2,293.13 2 50
github.com/eezz10001/ego/server/egin/interceptor.go:274.15,276.3 1 0
github.com/eezz10001/ego/server/egin/interceptor.go:286.63,288.3 1 41
github.com/eezz10001/ego/server/egin/interceptor.go:289.51,291.3 1 50
github.com/eezz10001/ego/server/egin/interceptor.go:296.48,297.30 1 13
github.com/eezz10001/ego/server/egin/interceptor.go:297.30,308.3 8 7
github.com/eezz10001/ego/server/egin/interceptor.go:312.47,317.30 3 0
github.com/eezz10001/ego/server/egin/interceptor.go:317.30,336.3 8 0
github.com/eezz10001/ego/server/egin/interceptor.go:343.58,344.32 1 0
github.com/eezz10001/ego/server/egin/interceptor.go:344.32,347.38 2 0
github.com/eezz10001/ego/server/egin/interceptor.go:351.3,357.17 2 0
github.com/eezz10001/ego/server/egin/interceptor.go:366.3,367.13 2 0
github.com/eezz10001/ego/server/egin/interceptor.go:347.38,349.4 1 0
github.com/eezz10001/ego/server/egin/interceptor.go:357.17,358.37 1 0
github.com/eezz10001/ego/server/egin/interceptor.go:363.4,363.10 1 0
github.com/eezz10001/ego/server/egin/interceptor.go:358.37,360.5 1 0
github.com/eezz10001/ego/server/egin/interceptor.go:360.10,362.5 1 0
github.com/eezz10001/ego/server/egin/interceptor.go:371.36,373.23 2 11
github.com/eezz10001/ego/server/egin/interceptor.go:376.2,376.11 1 0
github.com/eezz10001/ego/server/egin/interceptor.go:373.23,375.3 1 11
github.com/eezz10001/ego/server/egin/interceptor.go:379.88,380.15 1 14
github.com/eezz10001/ego/server/egin/interceptor.go:384.2,384.32 1 2
github.com/eezz10001/ego/server/egin/interceptor.go:387.2,388.17 2 2
github.com/eezz10001/ego/server/egin/interceptor.go:392.2,392.14 1 2
github.com/eezz10001/ego/server/egin/interceptor.go:380.15,382.3 1 12
github.com/eezz10001/ego/server/egin/interceptor.go:384.32,386.3 1 0
github.com/eezz10001/ego/server/egin/interceptor.go:388.17,391.3 1 2
github.com/eezz10001/ego/server/egin/interceptor.go:395.77,401.2 1 0
github.com/eezz10001/ego/server/egin/interceptor.go:403.77,413.2 1 0
github.com/eezz10001/ego/server/egin/interceptor.go:415.59,417.33 2 0
github.com/eezz10001/ego/server/egin/interceptor.go:420.2,420.10 1 0
github.com/eezz10001/ego/server/egin/interceptor.go:417.33,419.3 1 0
github.com/eezz10001/ego/server/egin/interceptor.go:423.72,424.36 1 0
github.com/eezz10001/ego/server/egin/interceptor.go:427.2,431.16 2 0
github.com/eezz10001/ego/server/egin/interceptor.go:434.2,434.26 1 0
github.com/eezz10001/ego/server/egin/interceptor.go:424.36,426.3 1 0
github.com/eezz10001/ego/server/egin/interceptor.go:431.16,433.3 1 0
github.com/eezz10001/ego/server/egin/options.go:19.35,20.28 1 0
github.com/eezz10001/ego/server/egin/options.go:20.28,22.3 1 0
github.com/eezz10001/ego/server/egin/options.go:26.32,27.28 1 0
github.com/eezz10001/ego/server/egin/options.go:27.28,29.3 1 0
github.com/eezz10001/ego/server/egin/options.go:33.41,34.28 1 2
github.com/eezz10001/ego/server/egin/options.go:34.28,36.3 1 2
github.com/eezz10001/ego/server/egin/options.go:40.73,41.28 1 0
github.com/eezz10001/ego/server/egin/options.go:41.28,43.3 1 0
github.com/eezz10001/ego/server/egin/options.go:47.62,48.28 1 0
github.com/eezz10001/ego/server/egin/options.go:48.28,50.3 1 0
github.com/eezz10001/ego/server/egin/options.go:54.61,55.28 1 0
github.com/eezz10001/ego/server/egin/options.go:55.28,57.3 1 0
github.com/eezz10001/ego/server/egin/options.go:61.57,62.28 1 4
github.com/eezz10001/ego/server/egin/options.go:62.28,64.3 1 4
github.com/eezz10001/ego/server/egin/options.go:68.48,69.28 1 6
github.com/eezz10001/ego/server/egin/options.go:69.28,71.3 1 6
github.com/eezz10001/ego/server/egin/options.go:75.38,76.28 1 0
github.com/eezz10001/ego/server/egin/options.go:76.28,78.3 1 0
github.com/eezz10001/ego/server/egin/options.go:82.58,83.28 1 0
github.com/eezz10001/ego/server/egin/options.go:83.28,85.3 1 0
github.com/eezz10001/ego/server/egin/options.go:89.64,90.28 1 1
github.com/eezz10001/ego/server/egin/options.go:90.28,92.3 1 1
github.com/eezz10001/ego/server/egin/options.go:96.59,97.28 1 0
github.com/eezz10001/ego/server/egin/options.go:97.28,99.3 1 0
github.com/eezz10001/ego/server/egin/options.go:103.55,104.28 1 1
github.com/eezz10001/ego/server/egin/options.go:104.28,106.3 1 1
